# JRE version: OpenJDK Runtime Environment Temurin-21.0.8+9 (21.0.8+9) (build 21.0.8+9-LTS)
# Java VM: OpenJDK 64-Bit Server VM Temurin-21.0.8+9 (21.0.8+9-LTS, mixed mode, sharing, tiered, compressed oops, compressed class ptrs, parallel gc, windows-amd64)
GC Precious Log:
 CardTable entry size: 512
 CPUs: 12 total, 12 available
 Memory: 3405M
 Large Page Support: Disabled
 NUMA Support: Disabled
 Compressed Oops: Enabled (32-bit)
 Alignments: Space 512K, Generation 512K, Heap 2M
 Heap Min Capacity: 100M
 Heap Initial Capacity: 100M
 Heap Max Capacity: 2G
 Pre-touch: Disabled
 Parallel Workers: 10
Heap:
 PSYoungGen      total 6144K, used 3713K [0x00000000d5580000, 0x00000000d6a00000, 0x0000000100000000)
  eden space 4096K, 40% used [0x00000000d5580000,0x00000000d5720c70,0x00000000d5980000)
  from space 2048K, 99% used [0x00000000d6000000,0x00000000d61ffa40,0x00000000d6200000)
  to   space 6656K, 0% used [0x00000000d5980000,0x00000000d5980000,0x00000000d6000000)
 ParOldGen       total 454144K, used 386034K [0x0000000080000000, 0x000000009bb80000, 0x00000000d5580000)
  object space 454144K, 85% used [0x0000000080000000,0x00000000978fca18,0x000000009bb80000)
 Metaspace       used 71223K, committed 72768K, reserved 1114112K
  class space    used 7062K, committed 7808K, reserved 1048576K
GC Heap History (20 events):
Event: 2752.306 GC heap before
{Heap before GC invocations=427 (full 4):
 PSYoungGen      total 7168K, used 7168K [0x00000000d5580000, 0x00000000d7f80000, 0x0000000100000000)
  eden space 2048K, 100% used [0x00000000d5580000,0x00000000d5780000,0x00000000d5780000)
  from space 5120K, 100% used [0x00000000d6680000,0x00000000d6b80000,0x00000000d6b80000)
  to   space 15360K, 0% used [0x00000000d5780000,0x00000000d5780000,0x00000000d6680000)
 ParOldGen       total 454144K, used 360202K [0x0000000080000000, 0x000000009bb80000, 0x00000000d5580000)
  object space 454144K, 79% used [0x0000000080000000,0x0000000095fc2938,0x000000009bb80000)
 Metaspace       used 71195K, committed 72768K, reserved 1114112K
  class space    used 7062K, committed 7808K, reserved 1048576K
}
Event: 2752.329 GC heap after
{Heap after GC invocations=427 (full 4):
 PSYoungGen      total 4096K, used 1900K [0x00000000d5580000, 0x00000000d6700000, 0x0000000100000000)
  eden space 2048K, 0% used [0x00000000d5580000,0x00000000d5580000,0x00000000d5780000)
  from space 2048K, 92% used [0x00000000d5780000,0x00000000d595b080,0x00000000d5980000)
  to   space 6656K, 0% used [0x00000000d6080000,0x00000000d6080000,0x00000000d6700000)
 ParOldGen       total 454144K, used 365362K [0x0000000080000000, 0x000000009bb80000, 0x00000000d5580000)
  object space 454144K, 80% used [0x0000000080000000,0x00000000964cc938,0x000000009bb80000)
 Metaspace       used 71195K, committed 72768K, reserved 1114112K
  class space    used 7062K, committed 7808K, reserved 1048576K
}
Event: 2752.395 GC heap before
{Heap before GC invocations=428 (full 4):
 PSYoungGen      total 4096K, used 3948K [0x00000000d5580000, 0x00000000d6700000, 0x0000000100000000)
  eden space 2048K, 99% used [0x00000000d5580000,0x00000000d577fff8,0x00000000d5780000)
  from space 2048K, 92% used [0x00000000d5780000,0x00000000d595b080,0x00000000d5980000)
  to   space 6656K, 0% used [0x00000000d6080000,0x00000000d6080000,0x00000000d6700000)
 ParOldGen       total 454144K, used 365362K [0x0000000080000000, 0x000000009bb80000, 0x00000000d5580000)
  object space 454144K, 80% used [0x0000000080000000,0x00000000964cc938,0x000000009bb80000)
 Metaspace       used 71195K, committed 72768K, reserved 1114112K
  class space    used 7062K, committed 7808K, reserved 1048576K
}
Event: 2752.404 GC heap after
{Heap after GC invocations=428 (full 4):
 PSYoungGen      total 4608K, used 1681K [0x00000000d5580000, 0x00000000d6280000, 0x0000000100000000)
  eden space 2560K, 0% used [0x00000000d5580000,0x00000000d5580000,0x00000000d5800000)
  from space 2048K, 82% used [0x00000000d6080000,0x00000000d6224600,0x00000000d6280000)
  to   space 2560K, 0% used [0x00000000d5d80000,0x00000000d5d80000,0x00000000d6000000)
 ParOldGen       total 454144K, used 367026K [0x0000000080000000, 0x000000009bb80000, 0x00000000d5580000)
  object space 454144K, 80% used [0x0000000080000000,0x000000009666c938,0x000000009bb80000)
 Metaspace       used 71195K, committed 72768K, reserved 1114112K
  class space    used 7062K, committed 7808K, reserved 1048576K
}
Event: 2752.470 GC heap before
{Heap before GC invocations=429 (full 4):
 PSYoungGen      total 4608K, used 3821K [0x00000000d5580000, 0x00000000d6280000, 0x0000000100000000)
  eden space 2560K, 83% used [0x00000000d5580000,0x00000000d5796ff8,0x00000000d5800000)
  from space 2048K, 82% used [0x00000000d6080000,0x00000000d6224600,0x00000000d6280000)
  to   space 2560K, 0% used [0x00000000d5d80000,0x00000000d5d80000,0x00000000d6000000)
 ParOldGen       total 454144K, used 367026K [0x0000000080000000, 0x000000009bb80000, 0x00000000d5580000)
  object space 454144K, 80% used [0x0000000080000000,0x000000009666c938,0x000000009bb80000)
 Metaspace       used 71195K, committed 72768K, reserved 1114112K
  class space    used 7062K, committed 7808K, reserved 1048576K
}
Event: 2752.478 GC heap after
{Heap after GC invocations=429 (full 4):
 PSYoungGen      total 4608K, used 1184K [0x00000000d5580000, 0x00000000d6100000, 0x0000000100000000)
  eden space 3072K, 0% used [0x00000000d5580000,0x00000000d5580000,0x00000000d5880000)
  from space 1536K, 77% used [0x00000000d5d80000,0x00000000d5ea8000,0x00000000d5f00000)
  to   space 1536K, 0% used [0x00000000d5f80000,0x00000000d5f80000,0x00000000d6100000)
 ParOldGen       total 454144K, used 368283K [0x0000000080000000, 0x000000009bb80000, 0x00000000d5580000)
  object space 454144K, 81% used [0x0000000080000000,0x00000000967a6d38,0x000000009bb80000)
 Metaspace       used 71195K, committed 72768K, reserved 1114112K
  class space    used 7062K, committed 7808K, reserved 1048576K
}
Event: 2752.592 GC heap before
{Heap before GC invocations=430 (full 4):
 PSYoungGen      total 4608K, used 4255K [0x00000000d5580000, 0x00000000d6100000, 0x0000000100000000)
  eden space 3072K, 99% used [0x00000000d5580000,0x00000000d587fff8,0x00000000d5880000)
  from space 1536K, 77% used [0x00000000d5d80000,0x00000000d5ea8000,0x00000000d5f00000)
  to   space 1536K, 0% used [0x00000000d5f80000,0x00000000d5f80000,0x00000000d6100000)
 ParOldGen       total 454144K, used 368283K [0x0000000080000000, 0x000000009bb80000, 0x00000000d5580000)
  object space 454144K, 81% used [0x0000000080000000,0x00000000967a6d38,0x000000009bb80000)
 Metaspace       used 71196K, committed 72768K, reserved 1114112K
  class space    used 7062K, committed 7808K, reserved 1048576K
}
Event: 2752.606 GC heap after
{Heap after GC invocations=430 (full 4):
 PSYoungGen      total 4608K, used 1505K [0x00000000d5580000, 0x00000000d6100000, 0x0000000100000000)
  eden space 3072K, 0% used [0x00000000d5580000,0x00000000d5580000,0x00000000d5880000)
  from space 1536K, 97% used [0x00000000d5f80000,0x00000000d60f8400,0x00000000d6100000)
  to   space 4096K, 0% used [0x00000000d5900000,0x00000000d5900000,0x00000000d5d00000)
 ParOldGen       total 454144K, used 370240K [0x0000000080000000, 0x000000009bb80000, 0x00000000d5580000)
  object space 454144K, 81% used [0x0000000080000000,0x0000000096990148,0x000000009bb80000)
 Metaspace       used 71196K, committed 72768K, reserved 1114112K
  class space    used 7062K, committed 7808K, reserved 1048576K
}
Event: 2752.736 GC heap before
{Heap before GC invocations=431 (full 4):
 PSYoungGen      total 4608K, used 4577K [0x00000000d5580000, 0x00000000d6100000, 0x0000000100000000)
  eden space 3072K, 100% used [0x00000000d5580000,0x00000000d5880000,0x00000000d5880000)
  from space 1536K, 97% used [0x00000000d5f80000,0x00000000d60f8400,0x00000000d6100000)
  to   space 4096K, 0% used [0x00000000d5900000,0x00000000d5900000,0x00000000d5d00000)
 ParOldGen       total 454144K, used 370240K [0x0000000080000000, 0x000000009bb80000, 0x00000000d5580000)
  object space 454144K, 81% used [0x0000000080000000,0x0000000096990148,0x000000009bb80000)
 Metaspace       used 71201K, committed 72768K, reserved 1114112K
  class space    used 7062K, committed 7808K, reserved 1048576K
}
Event: 2752.777 GC heap after
{Heap after GC invocations=431 (full 4):
 PSYoungGen      total 6144K, used 2888K [0x00000000d5580000, 0x00000000d6000000, 0x0000000100000000)
  eden space 3072K, 0% used [0x00000000d5580000,0x00000000d5580000,0x00000000d5880000)
  from space 3072K, 94% used [0x00000000d5900000,0x00000000d5bd2090,0x00000000d5c00000)
  to   space 3584K, 0% used [0x00000000d5c80000,0x00000000d5c80000,0x00000000d6000000)
 ParOldGen       total 454144K, used 371785K [0x0000000080000000, 0x000000009bb80000, 0x00000000d5580000)
  object space 454144K, 81% used [0x0000000080000000,0x0000000096b12568,0x000000009bb80000)
 Metaspace       used 71201K, committed 72768K, reserved 1114112K
  class space    used 7062K, committed 7808K, reserved 1048576K
}
Event: 2752.875 GC heap before
{Heap before GC invocations=432 (full 4):
 PSYoungGen      total 6144K, used 5960K [0x00000000d5580000, 0x00000000d6000000, 0x0000000100000000)
  eden space 3072K, 100% used [0x00000000d5580000,0x00000000d5880000,0x00000000d5880000)
  from space 3072K, 94% used [0x00000000d5900000,0x00000000d5bd2090,0x00000000d5c00000)
  to   space 3584K, 0% used [0x00000000d5c80000,0x00000000d5c80000,0x00000000d6000000)
 ParOldGen       total 454144K, used 371785K [0x0000000080000000, 0x000000009bb80000, 0x00000000d5580000)
  object space 454144K, 81% used [0x0000000080000000,0x0000000096b12568,0x000000009bb80000)
 Metaspace       used 71201K, committed 72768K, reserved 1114112K
  class space    used 7062K, committed 7808K, reserved 1048576K
}
Event: 2752.957 GC heap after
{Heap after GC invocations=432 (full 4):
 PSYoungGen      total 7168K, used 2880K [0x00000000d5580000, 0x00000000d5f80000, 0x0000000100000000)
  eden space 4096K, 0% used [0x00000000d5580000,0x00000000d5580000,0x00000000d5980000)
  from space 3072K, 93% used [0x00000000d5c80000,0x00000000d5f50000,0x00000000d5f80000)
  to   space 3072K, 0% used [0x00000000d5980000,0x00000000d5980000,0x00000000d5c80000)
 ParOldGen       total 454144K, used 374567K [0x0000000080000000, 0x000000009bb80000, 0x00000000d5580000)
  object space 454144K, 82% used [0x0000000080000000,0x0000000096dc9d78,0x000000009bb80000)
 Metaspace       used 71201K, committed 72768K, reserved 1114112K
  class space    used 7062K, committed 7808K, reserved 1048576K
}
Event: 2752.985 GC heap before
{Heap before GC invocations=433 (full 4):
 PSYoungGen      total 7168K, used 6911K [0x00000000d5580000, 0x00000000d5f80000, 0x0000000100000000)
  eden space 4096K, 98% used [0x00000000d5580000,0x00000000d596fdc8,0x00000000d5980000)
  from space 3072K, 93% used [0x00000000d5c80000,0x00000000d5f50000,0x00000000d5f80000)
  to   space 3072K, 0% used [0x00000000d5980000,0x00000000d5980000,0x00000000d5c80000)
 ParOldGen       total 454144K, used 374567K [0x0000000080000000, 0x000000009bb80000, 0x00000000d5580000)
  object space 454144K, 82% used [0x0000000080000000,0x0000000096dc9d78,0x000000009bb80000)
 Metaspace       used 71201K, committed 72768K, reserved 1114112K
  class space    used 7062K, committed 7808K, reserved 1048576K
}
Event: 2753.011 GC heap after
{Heap after GC invocations=433 (full 4):
 PSYoungGen      total 7168K, used 3060K [0x00000000d5580000, 0x00000000d6880000, 0x0000000100000000)
  eden space 4096K, 0% used [0x00000000d5580000,0x00000000d5580000,0x00000000d5980000)
  from space 3072K, 99% used [0x00000000d5980000,0x00000000d5c7d000,0x00000000d5c80000)
  to   space 7168K, 0% used [0x00000000d6180000,0x00000000d6180000,0x00000000d6880000)
 ParOldGen       total 454144K, used 377655K [0x0000000080000000, 0x000000009bb80000, 0x00000000d5580000)
  object space 454144K, 83% used [0x0000000080000000,0x00000000970cdd78,0x000000009bb80000)
 Metaspace       used 71201K, committed 72768K, reserved 1114112K
  class space    used 7062K, committed 7808K, reserved 1048576K
}
Event: 2753.102 GC heap before
{Heap before GC invocations=434 (full 4):
 PSYoungGen      total 7168K, used 7154K [0x00000000d5580000, 0x00000000d6880000, 0x0000000100000000)
  eden space 4096K, 99% used [0x00000000d5580000,0x00000000d597f8a0,0x00000000d5980000)
  from space 3072K, 99% used [0x00000000d5980000,0x00000000d5c7d000,0x00000000d5c80000)
  to   space 7168K, 0% used [0x00000000d6180000,0x00000000d6180000,0x00000000d6880000)
 ParOldGen       total 454144K, used 377655K [0x0000000080000000, 0x000000009bb80000, 0x00000000d5580000)
  object space 454144K, 83% used [0x0000000080000000,0x00000000970cdd78,0x000000009bb80000)
 Metaspace       used 71202K, committed 72768K, reserved 1114112K
  class space    used 7062K, committed 7808K, reserved 1048576K
}
Event: 2753.172 GC heap after
{Heap after GC invocations=434 (full 4):
 PSYoungGen      total 7680K, used 2320K [0x00000000d5580000, 0x00000000d6400000, 0x0000000100000000)
  eden space 5120K, 0% used [0x00000000d5580000,0x00000000d5580000,0x00000000d5a80000)
  from space 2560K, 90% used [0x00000000d6180000,0x00000000d63c4000,0x00000000d6400000)
  to   space 4096K, 0% used [0x00000000d5c00000,0x00000000d5c00000,0x00000000d6000000)
 ParOldGen       total 454144K, used 380479K [0x0000000080000000, 0x000000009bb80000, 0x00000000d5580000)
  object space 454144K, 83% used [0x0000000080000000,0x000000009738fd88,0x000000009bb80000)
 Metaspace       used 71202K, committed 72768K, reserved 1114112K
  class space    used 7062K, committed 7808K, reserved 1048576K
}
Event: 2753.926 GC heap before
{Heap before GC invocations=435 (full 4):
 PSYoungGen      total 7680K, used 7440K [0x00000000d5580000, 0x00000000d6400000, 0x0000000100000000)
  eden space 5120K, 100% used [0x00000000d5580000,0x00000000d5a80000,0x00000000d5a80000)
  from space 2560K, 90% used [0x00000000d6180000,0x00000000d63c4000,0x00000000d6400000)
  to   space 4096K, 0% used [0x00000000d5c00000,0x00000000d5c00000,0x00000000d6000000)
 ParOldGen       total 454144K, used 380479K [0x0000000080000000, 0x000000009bb80000, 0x00000000d5580000)
  object space 454144K, 83% used [0x0000000080000000,0x000000009738fd88,0x000000009bb80000)
 Metaspace       used 71207K, committed 72768K, reserved 1114112K
  class space    used 7062K, committed 7808K, reserved 1048576K
}
Event: 2754.319 GC heap after
{Heap after GC invocations=435 (full 4):
 PSYoungGen      total 10240K, used 1426K [0x00000000d5580000, 0x00000000d6200000, 0x0000000100000000)
  eden space 6144K, 0% used [0x00000000d5580000,0x00000000d5580000,0x00000000d5b80000)
  from space 4096K, 34% used [0x00000000d5c00000,0x00000000d5d64b10,0x00000000d6000000)
  to   space 2048K, 0% used [0x00000000d6000000,0x00000000d6000000,0x00000000d6200000)
 ParOldGen       total 454144K, used 382599K [0x0000000080000000, 0x000000009bb80000, 0x00000000d5580000)
  object space 454144K, 84% used [0x0000000080000000,0x00000000975a1d88,0x000000009bb80000)
 Metaspace       used 71207K, committed 72768K, reserved 1114112K
  class space    used 7062K, committed 7808K, reserved 1048576K
}
Event: 2756.889 GC heap before
{Heap before GC invocations=436 (full 4):
 PSYoungGen      total 10240K, used 7564K [0x00000000d5580000, 0x00000000d6200000, 0x0000000100000000)
  eden space 6144K, 99% used [0x00000000d5580000,0x00000000d5b7e6b8,0x00000000d5b80000)
  from space 4096K, 34% used [0x00000000d5c00000,0x00000000d5d64b10,0x00000000d6000000)
  to   space 2048K, 0% used [0x00000000d6000000,0x00000000d6000000,0x00000000d6200000)
 ParOldGen       total 454144K, used 382599K [0x0000000080000000, 0x000000009bb80000, 0x00000000d5580000)
  object space 454144K, 84% used [0x0000000080000000,0x00000000975a1d88,0x000000009bb80000)
 Metaspace       used 71223K, committed 72768K, reserved 1114112K
  class space    used 7062K, committed 7808K, reserved 1048576K
}
Event: 2757.663 GC heap after
{Heap after GC invocations=436 (full 4):
 PSYoungGen      total 6144K, used 2046K [0x00000000d5580000, 0x00000000d6a00000, 0x0000000100000000)
  eden space 4096K, 0% used [0x00000000d5580000,0x00000000d5580000,0x00000000d5980000)
  from space 2048K, 99% used [0x00000000d6000000,0x00000000d61ffa40,0x00000000d6200000)
  to   space 6656K, 0% used [0x00000000d5980000,0x00000000d5980000,0x00000000d6000000)
 ParOldGen       total 454144K, used 386034K [0x0000000080000000, 0x000000009bb80000, 0x00000000d5580000)
  object space 454144K, 85% used [0x0000000080000000,0x00000000978fca18,0x000000009bb80000)
 Metaspace       used 71223K, committed 72768K, reserved 1114112K
  class space    used 7062K, committed 7808K, reserved 1048576K
}

