# JRE version: OpenJDK Runtime Environment Temurin-21.0.8+9 (21.0.8+9) (build 21.0.8+9-LTS)
# Java VM: OpenJDK 64-Bit Server VM Temurin-21.0.8+9 (21.0.8+9-LTS, mixed mode, sharing, tiered, compressed oops, compressed class ptrs, parallel gc, windows-amd64)
GC Precious Log:
 CardTable entry size: 512
 CPUs: 12 total, 12 available
 Memory: 3405M
 Large Page Support: Disabled
 NUMA Support: Disabled
 Compressed Oops: Enabled (32-bit)
 Alignments: Space 512K, Generation 512K, Heap 2M
 Heap Min Capacity: 100M
 Heap Initial Capacity: 100M
 Heap Max Capacity: 2G
 Pre-touch: Disabled
 Parallel Workers: 10
Heap:
 PSYoungGen      total 1536K, used 1214K [0x00000000d5580000, 0x00000000d5780000, 0x0000000100000000)
  eden space 1024K, 93% used [0x00000000d5580000,0x00000000d566f960,0x00000000d5680000)
  from space 512K, 50% used [0x00000000d5700000,0x00000000d5740000,0x00000000d5780000)
  to   space 512K, 0% used [0x00000000d5680000,0x00000000d5680000,0x00000000d5700000)
 ParOldGen       total 403968K, used 403689K [0x0000000080000000, 0x0000000098a80000, 0x00000000d5580000)
  object space 403968K, 99% used [0x0000000080000000,0x0000000098a3a610,0x0000000098a80000)
 Metaspace       used 70914K, committed 72448K, reserved 1179648K
  class space    used 7167K, committed 7808K, reserved 1048576K
GC Heap History (20 events):
Event: 696.729 GC heap before
{Heap before GC invocations=198 (full 3):
 PSYoungGen      total 1536K, used 1126K [0x00000000d5580000, 0x00000000d5800000, 0x0000000100000000)
  eden space 512K, 100% used [0x00000000d5580000,0x00000000d5600000,0x00000000d5600000)
  from space 1024K, 60% used [0x00000000d5700000,0x00000000d5799b28,0x00000000d5800000)
  to   space 1024K, 0% used [0x00000000d5600000,0x00000000d5600000,0x00000000d5700000)
 ParOldGen       total 400896K, used 400398K [0x0000000080000000, 0x0000000098780000, 0x00000000d5580000)
  object space 400896K, 99% used [0x0000000080000000,0x0000000098703bc0,0x0000000098780000)
 Metaspace       used 70890K, committed 72448K, reserved 1179648K
  class space    used 7167K, committed 7808K, reserved 1048576K
}
Event: 696.733 GC heap after
{Heap after GC invocations=198 (full 3):
 PSYoungGen      total 1536K, used 528K [0x00000000d5580000, 0x00000000d5800000, 0x0000000100000000)
  eden space 512K, 0% used [0x00000000d5580000,0x00000000d5580000,0x00000000d5600000)
  from space 1024K, 51% used [0x00000000d5600000,0x00000000d5684270,0x00000000d5700000)
  to   space 1024K, 0% used [0x00000000d5700000,0x00000000d5700000,0x00000000d5800000)
 ParOldGen       total 400896K, used 400886K [0x0000000080000000, 0x0000000098780000, 0x00000000d5580000)
  object space 400896K, 99% used [0x0000000080000000,0x000000009877d870,0x0000000098780000)
 Metaspace       used 70890K, committed 72448K, reserved 1179648K
  class space    used 7167K, committed 7808K, reserved 1048576K
}
Event: 696.773 GC heap before
{Heap before GC invocations=199 (full 3):
 PSYoungGen      total 1536K, used 979K [0x00000000d5580000, 0x00000000d5800000, 0x0000000100000000)
  eden space 512K, 88% used [0x00000000d5580000,0x00000000d55f0c20,0x00000000d5600000)
  from space 1024K, 51% used [0x00000000d5600000,0x00000000d5684270,0x00000000d5700000)
  to   space 1024K, 0% used [0x00000000d5700000,0x00000000d5700000,0x00000000d5800000)
 ParOldGen       total 400896K, used 400886K [0x0000000080000000, 0x0000000098780000, 0x00000000d5580000)
  object space 400896K, 99% used [0x0000000080000000,0x000000009877d870,0x0000000098780000)
 Metaspace       used 70890K, committed 72448K, reserved 1179648K
  class space    used 7167K, committed 7808K, reserved 1048576K
}
Event: 696.775 GC heap after
{Heap after GC invocations=199 (full 3):
 PSYoungGen      total 1536K, used 527K [0x00000000d5580000, 0x00000000d5800000, 0x0000000100000000)
  eden space 512K, 0% used [0x00000000d5580000,0x00000000d5580000,0x00000000d5600000)
  from space 1024K, 51% used [0x00000000d5700000,0x00000000d5783db0,0x00000000d5800000)
  to   space 1024K, 0% used [0x00000000d5600000,0x00000000d5600000,0x00000000d5700000)
 ParOldGen       total 401408K, used 401245K [0x0000000080000000, 0x0000000098800000, 0x00000000d5580000)
  object space 401408K, 99% used [0x0000000080000000,0x00000000987d74a8,0x0000000098800000)
 Metaspace       used 70890K, committed 72448K, reserved 1179648K
  class space    used 7167K, committed 7808K, reserved 1048576K
}
Event: 696.799 GC heap before
{Heap before GC invocations=200 (full 3):
 PSYoungGen      total 1536K, used 1039K [0x00000000d5580000, 0x00000000d5800000, 0x0000000100000000)
  eden space 512K, 99% used [0x00000000d5580000,0x00000000d55ffff0,0x00000000d5600000)
  from space 1024K, 51% used [0x00000000d5700000,0x00000000d5783db0,0x00000000d5800000)
  to   space 1024K, 0% used [0x00000000d5600000,0x00000000d5600000,0x00000000d5700000)
 ParOldGen       total 401408K, used 401245K [0x0000000080000000, 0x0000000098800000, 0x00000000d5580000)
  object space 401408K, 99% used [0x0000000080000000,0x00000000987d74a8,0x0000000098800000)
 Metaspace       used 70890K, committed 72448K, reserved 1179648K
  class space    used 7167K, committed 7808K, reserved 1048576K
}
Event: 696.804 GC heap after
{Heap after GC invocations=200 (full 3):
 PSYoungGen      total 1536K, used 557K [0x00000000d5580000, 0x00000000d5800000, 0x0000000100000000)
  eden space 512K, 0% used [0x00000000d5580000,0x00000000d5580000,0x00000000d5600000)
  from space 1024K, 54% used [0x00000000d5600000,0x00000000d568b558,0x00000000d5700000)
  to   space 1024K, 0% used [0x00000000d5700000,0x00000000d5700000,0x00000000d5800000)
 ParOldGen       total 401920K, used 401590K [0x0000000080000000, 0x0000000098880000, 0x00000000d5580000)
  object space 401920K, 99% used [0x0000000080000000,0x000000009882d938,0x0000000098880000)
 Metaspace       used 70890K, committed 72448K, reserved 1179648K
  class space    used 7167K, committed 7808K, reserved 1048576K
}
Event: 696.842 GC heap before
{Heap before GC invocations=201 (full 3):
 PSYoungGen      total 1536K, used 1069K [0x00000000d5580000, 0x00000000d5800000, 0x0000000100000000)
  eden space 512K, 100% used [0x00000000d5580000,0x00000000d5600000,0x00000000d5600000)
  from space 1024K, 54% used [0x00000000d5600000,0x00000000d568b558,0x00000000d5700000)
  to   space 1024K, 0% used [0x00000000d5700000,0x00000000d5700000,0x00000000d5800000)
 ParOldGen       total 401920K, used 401590K [0x0000000080000000, 0x0000000098880000, 0x00000000d5580000)
  object space 401920K, 99% used [0x0000000080000000,0x000000009882d938,0x0000000098880000)
 Metaspace       used 70891K, committed 72448K, reserved 1179648K
  class space    used 7167K, committed 7808K, reserved 1048576K
}
Event: 696.849 GC heap after
{Heap after GC invocations=201 (full 3):
 PSYoungGen      total 1536K, used 486K [0x00000000d5580000, 0x00000000d5800000, 0x0000000100000000)
  eden space 512K, 0% used [0x00000000d5580000,0x00000000d5580000,0x00000000d5600000)
  from space 1024K, 47% used [0x00000000d5700000,0x00000000d5779ab8,0x00000000d5800000)
  to   space 1024K, 0% used [0x00000000d5600000,0x00000000d5600000,0x00000000d5700000)
 ParOldGen       total 402432K, used 402003K [0x0000000080000000, 0x0000000098900000, 0x00000000d5580000)
  object space 402432K, 99% used [0x0000000080000000,0x0000000098894f38,0x0000000098900000)
 Metaspace       used 70891K, committed 72448K, reserved 1179648K
  class space    used 7167K, committed 7808K, reserved 1048576K
}
Event: 696.866 GC heap before
{Heap before GC invocations=202 (full 3):
 PSYoungGen      total 1536K, used 998K [0x00000000d5580000, 0x00000000d5800000, 0x0000000100000000)
  eden space 512K, 100% used [0x00000000d5580000,0x00000000d5600000,0x00000000d5600000)
  from space 1024K, 47% used [0x00000000d5700000,0x00000000d5779ab8,0x00000000d5800000)
  to   space 1024K, 0% used [0x00000000d5600000,0x00000000d5600000,0x00000000d5700000)
 ParOldGen       total 402432K, used 402003K [0x0000000080000000, 0x0000000098900000, 0x00000000d5580000)
  object space 402432K, 99% used [0x0000000080000000,0x0000000098894f38,0x0000000098900000)
 Metaspace       used 70891K, committed 72448K, reserved 1179648K
  class space    used 7167K, committed 7808K, reserved 1048576K
}
Event: 696.870 GC heap after
{Heap after GC invocations=202 (full 3):
 PSYoungGen      total 1536K, used 480K [0x00000000d5580000, 0x00000000d5780000, 0x0000000100000000)
  eden space 512K, 0% used [0x00000000d5580000,0x00000000d5580000,0x00000000d5600000)
  from space 1024K, 46% used [0x00000000d5600000,0x00000000d5678000,0x00000000d5700000)
  to   space 512K, 0% used [0x00000000d5700000,0x00000000d5700000,0x00000000d5780000)
 ParOldGen       total 402432K, used 402394K [0x0000000080000000, 0x0000000098900000, 0x00000000d5580000)
  object space 402432K, 99% used [0x0000000080000000,0x00000000988f6b98,0x0000000098900000)
 Metaspace       used 70891K, committed 72448K, reserved 1179648K
  class space    used 7167K, committed 7808K, reserved 1048576K
}
Event: 696.888 GC heap before
{Heap before GC invocations=203 (full 3):
 PSYoungGen      total 1536K, used 992K [0x00000000d5580000, 0x00000000d5780000, 0x0000000100000000)
  eden space 512K, 100% used [0x00000000d5580000,0x00000000d5600000,0x00000000d5600000)
  from space 1024K, 46% used [0x00000000d5600000,0x00000000d5678000,0x00000000d5700000)
  to   space 512K, 0% used [0x00000000d5700000,0x00000000d5700000,0x00000000d5780000)
 ParOldGen       total 402432K, used 402394K [0x0000000080000000, 0x0000000098900000, 0x00000000d5580000)
  object space 402432K, 99% used [0x0000000080000000,0x00000000988f6b98,0x0000000098900000)
 Metaspace       used 70892K, committed 72448K, reserved 1179648K
  class space    used 7167K, committed 7808K, reserved 1048576K
}
Event: 696.890 GC heap after
{Heap after GC invocations=203 (full 3):
 PSYoungGen      total 1536K, used 320K [0x00000000d5580000, 0x00000000d5780000, 0x0000000100000000)
  eden space 1024K, 0% used [0x00000000d5580000,0x00000000d5580000,0x00000000d5680000)
  from space 512K, 62% used [0x00000000d5700000,0x00000000d5750000,0x00000000d5780000)
  to   space 512K, 0% used [0x00000000d5680000,0x00000000d5680000,0x00000000d5700000)
 ParOldGen       total 402944K, used 402778K [0x0000000080000000, 0x0000000098980000, 0x00000000d5580000)
  object space 402944K, 99% used [0x0000000080000000,0x0000000098956b98,0x0000000098980000)
 Metaspace       used 70892K, committed 72448K, reserved 1179648K
  class space    used 7167K, committed 7808K, reserved 1048576K
}
Event: 696.942 GC heap before
{Heap before GC invocations=204 (full 3):
 PSYoungGen      total 1536K, used 1343K [0x00000000d5580000, 0x00000000d5780000, 0x0000000100000000)
  eden space 1024K, 99% used [0x00000000d5580000,0x00000000d567fff0,0x00000000d5680000)
  from space 512K, 62% used [0x00000000d5700000,0x00000000d5750000,0x00000000d5780000)
  to   space 512K, 0% used [0x00000000d5680000,0x00000000d5680000,0x00000000d5700000)
 ParOldGen       total 402944K, used 402778K [0x0000000080000000, 0x0000000098980000, 0x00000000d5580000)
  object space 402944K, 99% used [0x0000000080000000,0x0000000098956b98,0x0000000098980000)
 Metaspace       used 70897K, committed 72448K, reserved 1179648K
  class space    used 7167K, committed 7808K, reserved 1048576K
}
Event: 696.944 GC heap after
{Heap after GC invocations=204 (full 3):
 PSYoungGen      total 1536K, used 416K [0x00000000d5580000, 0x00000000d5780000, 0x0000000100000000)
  eden space 1024K, 0% used [0x00000000d5580000,0x00000000d5580000,0x00000000d5680000)
  from space 512K, 81% used [0x00000000d5680000,0x00000000d56e8000,0x00000000d5700000)
  to   space 512K, 0% used [0x00000000d5700000,0x00000000d5700000,0x00000000d5780000)
 ParOldGen       total 403456K, used 402969K [0x0000000080000000, 0x0000000098a00000, 0x00000000d5580000)
  object space 403456K, 99% used [0x0000000080000000,0x0000000098986600,0x0000000098a00000)
 Metaspace       used 70897K, committed 72448K, reserved 1179648K
  class space    used 7167K, committed 7808K, reserved 1048576K
}
Event: 697.006 GC heap before
{Heap before GC invocations=205 (full 3):
 PSYoungGen      total 1536K, used 1440K [0x00000000d5580000, 0x00000000d5780000, 0x0000000100000000)
  eden space 1024K, 100% used [0x00000000d5580000,0x00000000d5680000,0x00000000d5680000)
  from space 512K, 81% used [0x00000000d5680000,0x00000000d56e8000,0x00000000d5700000)
  to   space 512K, 0% used [0x00000000d5700000,0x00000000d5700000,0x00000000d5780000)
 ParOldGen       total 403456K, used 402969K [0x0000000080000000, 0x0000000098a00000, 0x00000000d5580000)
  object space 403456K, 99% used [0x0000000080000000,0x0000000098986600,0x0000000098a00000)
 Metaspace       used 70897K, committed 72448K, reserved 1179648K
  class space    used 7167K, committed 7808K, reserved 1048576K
}
Event: 697.101 GC heap after
{Heap after GC invocations=205 (full 3):
 PSYoungGen      total 1536K, used 480K [0x00000000d5580000, 0x00000000d5800000, 0x0000000100000000)
  eden space 1024K, 0% used [0x00000000d5580000,0x00000000d5580000,0x00000000d5680000)
  from space 512K, 93% used [0x00000000d5700000,0x00000000d5778000,0x00000000d5780000)
  to   space 512K, 0% used [0x00000000d5680000,0x00000000d5680000,0x00000000d5700000)
 ParOldGen       total 403456K, used 403209K [0x0000000080000000, 0x0000000098a00000, 0x00000000d5580000)
  object space 403456K, 99% used [0x0000000080000000,0x00000000989c2600,0x0000000098a00000)
 Metaspace       used 70897K, committed 72448K, reserved 1179648K
  class space    used 7167K, committed 7808K, reserved 1048576K
}
Event: 699.708 GC heap before
{Heap before GC invocations=206 (full 3):
 PSYoungGen      total 1536K, used 1504K [0x00000000d5580000, 0x00000000d5800000, 0x0000000100000000)
  eden space 1024K, 100% used [0x00000000d5580000,0x00000000d5680000,0x00000000d5680000)
  from space 512K, 93% used [0x00000000d5700000,0x00000000d5778000,0x00000000d5780000)
  to   space 512K, 0% used [0x00000000d5680000,0x00000000d5680000,0x00000000d5700000)
 ParOldGen       total 403456K, used 403209K [0x0000000080000000, 0x0000000098a00000, 0x00000000d5580000)
  object space 403456K, 99% used [0x0000000080000000,0x00000000989c2600,0x0000000098a00000)
 Metaspace       used 70901K, committed 72448K, reserved 1179648K
  class space    used 7167K, committed 7808K, reserved 1048576K
}
Event: 699.713 GC heap after
{Heap after GC invocations=206 (full 3):
 PSYoungGen      total 1536K, used 416K [0x00000000d5580000, 0x00000000d5780000, 0x0000000100000000)
  eden space 1024K, 0% used [0x00000000d5580000,0x00000000d5580000,0x00000000d5680000)
  from space 512K, 81% used [0x00000000d5680000,0x00000000d56e8000,0x00000000d5700000)
  to   space 512K, 0% used [0x00000000d5700000,0x00000000d5700000,0x00000000d5780000)
 ParOldGen       total 403968K, used 403465K [0x0000000080000000, 0x0000000098a80000, 0x00000000d5580000)
  object space 403968K, 99% used [0x0000000080000000,0x0000000098a02600,0x0000000098a80000)
 Metaspace       used 70901K, committed 72448K, reserved 1179648K
  class space    used 7167K, committed 7808K, reserved 1048576K
}
Event: 968.052 GC heap before
{Heap before GC invocations=207 (full 3):
 PSYoungGen      total 1536K, used 1439K [0x00000000d5580000, 0x00000000d5780000, 0x0000000100000000)
  eden space 1024K, 99% used [0x00000000d5580000,0x00000000d567ffe0,0x00000000d5680000)
  from space 512K, 81% used [0x00000000d5680000,0x00000000d56e8000,0x00000000d5700000)
  to   space 512K, 0% used [0x00000000d5700000,0x00000000d5700000,0x00000000d5780000)
 ParOldGen       total 403968K, used 403465K [0x0000000080000000, 0x0000000098a80000, 0x00000000d5580000)
  object space 403968K, 99% used [0x0000000080000000,0x0000000098a02600,0x0000000098a80000)
 Metaspace       used 70914K, committed 72448K, reserved 1179648K
  class space    used 7167K, committed 7808K, reserved 1048576K
}
Event: 968.203 GC heap after
{Heap after GC invocations=207 (full 3):
 PSYoungGen      total 1536K, used 256K [0x00000000d5580000, 0x00000000d5780000, 0x0000000100000000)
  eden space 1024K, 0% used [0x00000000d5580000,0x00000000d5580000,0x00000000d5680000)
  from space 512K, 50% used [0x00000000d5700000,0x00000000d5740000,0x00000000d5780000)
  to   space 512K, 0% used [0x00000000d5680000,0x00000000d5680000,0x00000000d5700000)
 ParOldGen       total 403968K, used 403689K [0x0000000080000000, 0x0000000098a80000, 0x00000000d5580000)
  object space 403968K, 99% used [0x0000000080000000,0x0000000098a3a610,0x0000000098a80000)
 Metaspace       used 70914K, committed 72448K, reserved 1179648K
  class space    used 7167K, committed 7808K, reserved 1048576K
}

