# JRE version: Java(TM) SE Runtime Environment (17.0.12+8) (build 17.0.12+8-LTS-286)
# Java VM: Java HotSpot(TM) 64-Bit Server VM (17.0.12+8-LTS-286, mixed mode, sharing, tiered, compressed oops, compressed class ptrs, g1 gc, windows-amd64)
GC Precious Log:
 CPUs: 12 total, 12 available
 Memory: 3405M
 Large Page Support: Disabled
 NUMA Support: Disabled
 Compressed Oops: Enabled (32-bit)
 Heap Region Size: 1M
 Heap Min Capacity: 8M
 Heap Initial Capacity: 54M
 Heap Max Capacity: 852M
 Pre-touch: Disabled
 Parallel Workers: 10
 Concurrent Workers: 3
 Concurrent Refinement Workers: 10
 Periodic GC: Disabled
Heap:
 garbage-first heap   total 104448K, used 43378K [0x00000000cac00000, 0x0000000100000000)
  region size 1024K, 14 young (14336K), 5 survivors (5120K)
 Metaspace       used 80182K, committed 80960K, reserved 1179648K
  class space    used 10674K, committed 11072K, reserved 1048576K
GC Heap History (20 events):
Event: 449.047 GC heap before
{Heap before GC invocations=41 (full 0):
 garbage-first heap   total 87040K, used 68584K [0x00000000cac00000, 0x0000000100000000)
  region size 1024K, 31 young (31744K), 1 survivors (1024K)
 Metaspace       used 78255K, committed 78912K, reserved 1179648K
  class space    used 10614K, committed 10944K, reserved 1048576K
}
Event: 449.064 GC heap after
{Heap after GC invocations=42 (full 0):
 garbage-first heap   total 87040K, used 38977K [0x00000000cac00000, 0x0000000100000000)
  region size 1024K, 1 young (1024K), 1 survivors (1024K)
 Metaspace       used 78255K, committed 78912K, reserved 1179648K
  class space    used 10614K, committed 10944K, reserved 1048576K
}
Event: 478.614 GC heap before
{Heap before GC invocations=42 (full 0):
 garbage-first heap   total 87040K, used 42049K [0x00000000cac00000, 0x0000000100000000)
  region size 1024K, 4 young (4096K), 1 survivors (1024K)
 Metaspace       used 78256K, committed 78912K, reserved 1179648K
  class space    used 10614K, committed 10944K, reserved 1048576K
}
Event: 478.621 GC heap after
{Heap after GC invocations=43 (full 0):
 garbage-first heap   total 87040K, used 38036K [0x00000000cac00000, 0x0000000100000000)
  region size 1024K, 1 young (1024K), 1 survivors (1024K)
 Metaspace       used 78256K, committed 78912K, reserved 1179648K
  class space    used 10614K, committed 10944K, reserved 1048576K
}
Event: 540.499 GC heap before
{Heap before GC invocations=43 (full 0):
 garbage-first heap   total 87040K, used 70804K [0x00000000cac00000, 0x0000000100000000)
  region size 1024K, 34 young (34816K), 1 survivors (1024K)
 Metaspace       used 78665K, committed 79296K, reserved 1179648K
  class space    used 10617K, committed 10944K, reserved 1048576K
}
Event: 540.548 GC heap after
{Heap after GC invocations=44 (full 0):
 garbage-first heap   total 87040K, used 38124K [0x00000000cac00000, 0x0000000100000000)
  region size 1024K, 1 young (1024K), 1 survivors (1024K)
 Metaspace       used 78665K, committed 79296K, reserved 1179648K
  class space    used 10617K, committed 10944K, reserved 1048576K
}
Event: 625.706 GC heap before
{Heap before GC invocations=45 (full 0):
 garbage-first heap   total 87040K, used 72940K [0x00000000cac00000, 0x0000000100000000)
  region size 1024K, 36 young (36864K), 1 survivors (1024K)
 Metaspace       used 78955K, committed 79680K, reserved 1179648K
  class space    used 10645K, committed 11008K, reserved 1048576K
}
Event: 625.761 GC heap after
{Heap after GC invocations=46 (full 0):
 garbage-first heap   total 87040K, used 38138K [0x00000000cac00000, 0x0000000100000000)
  region size 1024K, 1 young (1024K), 1 survivors (1024K)
 Metaspace       used 78955K, committed 79680K, reserved 1179648K
  class space    used 10645K, committed 11008K, reserved 1048576K
}
Event: 632.448 GC heap before
{Heap before GC invocations=46 (full 0):
 garbage-first heap   total 87040K, used 40186K [0x00000000cac00000, 0x0000000100000000)
  region size 1024K, 4 young (4096K), 1 survivors (1024K)
 Metaspace       used 78960K, committed 79680K, reserved 1179648K
  class space    used 10645K, committed 11008K, reserved 1048576K
}
Event: 632.469 GC heap after
{Heap after GC invocations=47 (full 0):
 garbage-first heap   total 87040K, used 37481K [0x00000000cac00000, 0x0000000100000000)
  region size 1024K, 1 young (1024K), 1 survivors (1024K)
 Metaspace       used 78960K, committed 79680K, reserved 1179648K
  class space    used 10645K, committed 11008K, reserved 1048576K
}
Event: 695.854 GC heap before
{Heap before GC invocations=47 (full 0):
 garbage-first heap   total 87040K, used 73321K [0x00000000cac00000, 0x0000000100000000)
  region size 1024K, 37 young (37888K), 1 survivors (1024K)
 Metaspace       used 79134K, committed 79872K, reserved 1179648K
  class space    used 10647K, committed 11008K, reserved 1048576K
}
Event: 695.927 GC heap after
{Heap after GC invocations=48 (full 0):
 garbage-first heap   total 87040K, used 37391K [0x00000000cac00000, 0x0000000100000000)
  region size 1024K, 1 young (1024K), 1 survivors (1024K)
 Metaspace       used 79134K, committed 79872K, reserved 1179648K
  class space    used 10647K, committed 11008K, reserved 1048576K
}
Event: 724.602 GC heap before
{Heap before GC invocations=49 (full 0):
 garbage-first heap   total 87040K, used 74255K [0x00000000cac00000, 0x0000000100000000)
  region size 1024K, 38 young (38912K), 1 survivors (1024K)
 Metaspace       used 79362K, committed 80064K, reserved 1179648K
  class space    used 10647K, committed 11008K, reserved 1048576K
}
Event: 724.609 GC heap after
{Heap after GC invocations=50 (full 0):
 garbage-first heap   total 104448K, used 37365K [0x00000000cac00000, 0x0000000100000000)
  region size 1024K, 1 young (1024K), 1 survivors (1024K)
 Metaspace       used 79362K, committed 80064K, reserved 1179648K
  class space    used 10647K, committed 11008K, reserved 1048576K
}
Event: 754.708 GC heap before
{Heap before GC invocations=50 (full 0):
 garbage-first heap   total 104448K, used 41461K [0x00000000cac00000, 0x0000000100000000)
  region size 1024K, 5 young (5120K), 1 survivors (1024K)
 Metaspace       used 79376K, committed 80128K, reserved 1179648K
  class space    used 10647K, committed 11008K, reserved 1048576K
}
Event: 754.728 GC heap after
{Heap after GC invocations=51 (full 0):
 garbage-first heap   total 104448K, used 37163K [0x00000000cac00000, 0x0000000100000000)
  region size 1024K, 1 young (1024K), 1 survivors (1024K)
 Metaspace       used 79376K, committed 80128K, reserved 1179648K
  class space    used 10647K, committed 11008K, reserved 1048576K
}
Event: 1011.157 GC heap before
{Heap before GC invocations=51 (full 0):
 garbage-first heap   total 104448K, used 63787K [0x00000000cac00000, 0x0000000100000000)
  region size 1024K, 28 young (28672K), 1 survivors (1024K)
 Metaspace       used 79539K, committed 80256K, reserved 1179648K
  class space    used 10671K, committed 11008K, reserved 1048576K
}
Event: 1013.983 GC heap after
{Heap after GC invocations=52 (full 1):
 garbage-first heap   total 104448K, used 30761K [0x00000000cac00000, 0x0000000100000000)
  region size 1024K, 0 young (0K), 0 survivors (0K)
 Metaspace       used 79539K, committed 80256K, reserved 1179648K
  class space    used 10671K, committed 11008K, reserved 1048576K
}
Event: 1021.398 GC heap before
{Heap before GC invocations=52 (full 1):
 garbage-first heap   total 104448K, used 89129K [0x00000000cac00000, 0x0000000100000000)
  region size 1024K, 57 young (58368K), 0 survivors (0K)
 Metaspace       used 80211K, committed 80960K, reserved 1179648K
  class space    used 10706K, committed 11072K, reserved 1048576K
}
Event: 1021.458 GC heap after
{Heap after GC invocations=53 (full 1):
 garbage-first heap   total 104448K, used 35186K [0x00000000cac00000, 0x0000000100000000)
  region size 1024K, 5 young (5120K), 5 survivors (5120K)
 Metaspace       used 80211K, committed 80960K, reserved 1179648K
  class space    used 10706K, committed 11072K, reserved 1048576K
}

