# JRE version: Java(TM) SE Runtime Environment (17.0.12+8) (build 17.0.12+8-LTS-286)
# Java VM: Java HotSpot(TM) 64-Bit Server VM (17.0.12+8-LTS-286, mixed mode, sharing, tiered, compressed oops, compressed class ptrs, g1 gc, windows-amd64)
GC Precious Log:
 CPUs: 12 total, 12 available
 Memory: 3405M
 Large Page Support: Disabled
 NUMA Support: Disabled
 Compressed Oops: Enabled (32-bit)
 Heap Region Size: 1M
 Heap Min Capacity: 8M
 Heap Initial Capacity: 54M
 Heap Max Capacity: 852M
 Pre-touch: Disabled
 Parallel Workers: 10
 Concurrent Workers: 3
 Concurrent Refinement Workers: 10
 Periodic GC: Disabled
Heap:
 garbage-first heap   total 80896K, used 27750K [0x00000000cac00000, 0x0000000100000000)
  region size 1024K, 6 young (6144K), 4 survivors (4096K)
 Metaspace       used 56418K, committed 56896K, reserved 1114112K
  class space    used 7724K, committed 7936K, reserved 1048576K
GC Heap History (20 events):
Event: 2.775 GC heap after
{Heap after GC invocations=4 (full 0):
 garbage-first heap   total 55296K, used 12665K [0x00000000cac00000, 0x0000000100000000)
  region size 1024K, 4 young (4096K), 4 survivors (4096K)
 Metaspace       used 19733K, committed 19968K, reserved 1114112K
  class space    used 2506K, committed 2624K, reserved 1048576K
}
Event: 3.101 GC heap before
{Heap before GC invocations=4 (full 0):
 garbage-first heap   total 55296K, used 23929K [0x00000000cac00000, 0x0000000100000000)
  region size 1024K, 16 young (16384K), 4 survivors (4096K)
 Metaspace       used 21259K, committed 21504K, reserved 1114112K
  class space    used 2687K, committed 2816K, reserved 1048576K
}
Event: 3.107 GC heap after
{Heap after GC invocations=5 (full 0):
 garbage-first heap   total 55296K, used 14250K [0x00000000cac00000, 0x0000000100000000)
  region size 1024K, 2 young (2048K), 2 survivors (2048K)
 Metaspace       used 21259K, committed 21504K, reserved 1114112K
  class space    used 2687K, committed 2816K, reserved 1048576K
}
Event: 3.790 GC heap before
{Heap before GC invocations=6 (full 0):
 garbage-first heap   total 55296K, used 36778K [0x00000000cac00000, 0x0000000100000000)
  region size 1024K, 24 young (24576K), 2 survivors (2048K)
 Metaspace       used 23565K, committed 23808K, reserved 1114112K
  class space    used 2978K, committed 3136K, reserved 1048576K
}
Event: 3.795 GC heap after
{Heap after GC invocations=7 (full 0):
 garbage-first heap   total 55296K, used 15836K [0x00000000cac00000, 0x0000000100000000)
  region size 1024K, 3 young (3072K), 3 survivors (3072K)
 Metaspace       used 23565K, committed 23808K, reserved 1114112K
  class space    used 2978K, committed 3136K, reserved 1048576K
}
Event: 3.825 GC heap before
{Heap before GC invocations=7 (full 0):
 garbage-first heap   total 55296K, used 15836K [0x00000000cac00000, 0x0000000100000000)
  region size 1024K, 4 young (4096K), 3 survivors (3072K)
 Metaspace       used 23707K, committed 24000K, reserved 1114112K
  class space    used 2986K, committed 3136K, reserved 1048576K
}
Event: 3.830 GC heap after
{Heap after GC invocations=8 (full 0):
 garbage-first heap   total 55296K, used 16357K [0x00000000cac00000, 0x0000000100000000)
  region size 1024K, 1 young (1024K), 1 survivors (1024K)
 Metaspace       used 23707K, committed 24000K, reserved 1114112K
  class space    used 2986K, committed 3136K, reserved 1048576K
}
Event: 4.753 GC heap before
{Heap before GC invocations=8 (full 0):
 garbage-first heap   total 55296K, used 38885K [0x00000000cac00000, 0x0000000100000000)
  region size 1024K, 23 young (23552K), 1 survivors (1024K)
 Metaspace       used 26733K, committed 27072K, reserved 1114112K
  class space    used 3416K, committed 3584K, reserved 1048576K
}
Event: 4.755 GC heap after
{Heap after GC invocations=9 (full 0):
 garbage-first heap   total 55296K, used 17458K [0x00000000cac00000, 0x0000000100000000)
  region size 1024K, 2 young (2048K), 2 survivors (2048K)
 Metaspace       used 26733K, committed 27072K, reserved 1114112K
  class space    used 3416K, committed 3584K, reserved 1048576K
}
Event: 6.978 GC heap before
{Heap before GC invocations=9 (full 0):
 garbage-first heap   total 55296K, used 39986K [0x00000000cac00000, 0x0000000100000000)
  region size 1024K, 24 young (24576K), 2 survivors (2048K)
 Metaspace       used 30305K, committed 30656K, reserved 1114112K
  class space    used 3972K, committed 4160K, reserved 1048576K
}
Event: 6.985 GC heap after
{Heap after GC invocations=10 (full 0):
 garbage-first heap   total 55296K, used 19563K [0x00000000cac00000, 0x0000000100000000)
  region size 1024K, 3 young (3072K), 3 survivors (3072K)
 Metaspace       used 30305K, committed 30656K, reserved 1114112K
  class space    used 3972K, committed 4160K, reserved 1048576K
}
Event: 7.881 GC heap before
{Heap before GC invocations=10 (full 0):
 garbage-first heap   total 55296K, used 41067K [0x00000000cac00000, 0x0000000100000000)
  region size 1024K, 24 young (24576K), 3 survivors (3072K)
 Metaspace       used 32858K, committed 33280K, reserved 1114112K
  class space    used 4270K, committed 4480K, reserved 1048576K
}
Event: 7.890 GC heap after
{Heap after GC invocations=11 (full 0):
 garbage-first heap   total 55296K, used 21090K [0x00000000cac00000, 0x0000000100000000)
  region size 1024K, 2 young (2048K), 2 survivors (2048K)
 Metaspace       used 32858K, committed 33280K, reserved 1114112K
  class space    used 4270K, committed 4480K, reserved 1048576K
}
Event: 8.687 GC heap before
{Heap before GC invocations=11 (full 0):
 garbage-first heap   total 55296K, used 31330K [0x00000000cac00000, 0x0000000100000000)
  region size 1024K, 13 young (13312K), 2 survivors (2048K)
 Metaspace       used 35623K, committed 35968K, reserved 1114112K
  class space    used 4640K, committed 4800K, reserved 1048576K
}
Event: 8.691 GC heap after
{Heap after GC invocations=12 (full 0):
 garbage-first heap   total 55296K, used 21532K [0x00000000cac00000, 0x0000000100000000)
  region size 1024K, 2 young (2048K), 2 survivors (2048K)
 Metaspace       used 35623K, committed 35968K, reserved 1114112K
  class space    used 4640K, committed 4800K, reserved 1048576K
}
Event: 10.722 GC heap before
{Heap before GC invocations=13 (full 0):
 garbage-first heap   total 55296K, used 42012K [0x00000000cac00000, 0x0000000100000000)
  region size 1024K, 22 young (22528K), 2 survivors (2048K)
 Metaspace       used 41300K, committed 41728K, reserved 1114112K
  class space    used 5461K, committed 5696K, reserved 1048576K
}
Event: 10.727 GC heap after
{Heap after GC invocations=14 (full 0):
 garbage-first heap   total 80896K, used 22775K [0x00000000cac00000, 0x0000000100000000)
  region size 1024K, 2 young (2048K), 2 survivors (2048K)
 Metaspace       used 41300K, committed 41728K, reserved 1114112K
  class space    used 5461K, committed 5696K, reserved 1048576K
}
Event: 15.209 GC heap before
{Heap before GC invocations=14 (full 0):
 garbage-first heap   total 80896K, used 61687K [0x00000000cac00000, 0x0000000100000000)
  region size 1024K, 40 young (40960K), 2 survivors (2048K)
 Metaspace       used 50691K, committed 51136K, reserved 1114112K
  class space    used 6892K, committed 7104K, reserved 1048576K
}
Event: 15.217 GC heap after
{Heap after GC invocations=15 (full 0):
 garbage-first heap   total 80896K, used 25018K [0x00000000cac00000, 0x0000000100000000)
  region size 1024K, 5 young (5120K), 5 survivors (5120K)
 Metaspace       used 50691K, committed 51136K, reserved 1114112K
  class space    used 6892K, committed 7104K, reserved 1048576K
}
Event: 24.608 GC heap before
{Heap before GC invocations=15 (full 0):
 garbage-first heap   total 80896K, used 60858K [0x00000000cac00000, 0x0000000100000000)
  region size 1024K, 41 young (41984K), 5 survivors (5120K)
 Metaspace       used 56233K, committed 56704K, reserved 1114112K
  class space    used 7695K, committed 7936K, reserved 1048576K
}

