# JRE version: Java(TM) SE Runtime Environment (17.0.12+8) (build 17.0.12+8-LTS-286)
# Java VM: Java HotSpot(TM) 64-Bit Server VM (17.0.12+8-LTS-286, mixed mode, sharing, tiered, compressed oops, compressed class ptrs, g1 gc, windows-amd64)
GC Precious Log:
 CPUs: 12 total, 12 available
 Memory: 3405M
 Large Page Support: Disabled
 NUMA Support: Disabled
 Compressed Oops: Enabled (32-bit)
 Heap Region Size: 1M
 Heap Min Capacity: 8M
 Heap Initial Capacity: 54M
 Heap Max Capacity: 852M
 Pre-touch: Disabled
 Parallel Workers: 10
 Concurrent Workers: 3
 Concurrent Refinement Workers: 10
 Periodic GC: Disabled
Heap:
 garbage-first heap   total 79872K, used 42827K [0x00000000cac00000, 0x0000000100000000)
  region size 1024K, 5 young (5120K), 1 survivors (1024K)
 Metaspace       used 78055K, committed 78720K, reserved 1179648K
  class space    used 10754K, committed 11072K, reserved 1048576K
GC Heap History (20 events):
Event: 14.494 GC heap before
{Heap before GC invocations=23 (full 0):
 garbage-first heap   total 66560K, used 53236K [0x00000000cac00000, 0x0000000100000000)
  region size 1024K, 25 young (25600K), 4 survivors (4096K)
 Metaspace       used 64743K, committed 65344K, reserved 1114112K
  class space    used 8907K, committed 9216K, reserved 1048576K
}
Event: 14.499 GC heap after
{Heap after GC invocations=24 (full 0):
 garbage-first heap   total 66560K, used 33370K [0x00000000cac00000, 0x0000000100000000)
  region size 1024K, 4 young (4096K), 4 survivors (4096K)
 Metaspace       used 64743K, committed 65344K, reserved 1114112K
  class space    used 8907K, committed 9216K, reserved 1048576K
}
Event: 14.936 GC heap before
{Heap before GC invocations=24 (full 0):
 garbage-first heap   total 66560K, used 51802K [0x00000000cac00000, 0x0000000100000000)
  region size 1024K, 23 young (23552K), 4 survivors (4096K)
 Metaspace       used 67172K, committed 67776K, reserved 1114112K
  class space    used 9224K, committed 9472K, reserved 1048576K
}
Event: 14.943 GC heap after
{Heap after GC invocations=25 (full 0):
 garbage-first heap   total 66560K, used 34874K [0x00000000cac00000, 0x0000000100000000)
  region size 1024K, 2 young (2048K), 2 survivors (2048K)
 Metaspace       used 67172K, committed 67776K, reserved 1114112K
  class space    used 9224K, committed 9472K, reserved 1048576K
}
Event: 35.011 GC heap before
{Heap before GC invocations=26 (full 0):
 garbage-first heap   total 66560K, used 53306K [0x00000000cac00000, 0x0000000100000000)
  region size 1024K, 21 young (21504K), 2 survivors (2048K)
 Metaspace       used 70777K, committed 71424K, reserved 1114112K
  class space    used 9690K, committed 9984K, reserved 1048576K
}
Event: 35.032 GC heap after
{Heap after GC invocations=27 (full 0):
 garbage-first heap   total 66560K, used 35969K [0x00000000cac00000, 0x0000000100000000)
  region size 1024K, 3 young (3072K), 3 survivors (3072K)
 Metaspace       used 70777K, committed 71424K, reserved 1114112K
  class space    used 9690K, committed 9984K, reserved 1048576K
}
Event: 35.248 GC heap before
{Heap before GC invocations=27 (full 0):
 garbage-first heap   total 66560K, used 36993K [0x00000000cac00000, 0x0000000100000000)
  region size 1024K, 4 young (4096K), 3 survivors (3072K)
 Metaspace       used 70988K, committed 71616K, reserved 1114112K
  class space    used 9718K, committed 10048K, reserved 1048576K
}
Event: 35.255 GC heap after
{Heap after GC invocations=28 (full 0):
 garbage-first heap   total 66560K, used 36202K [0x00000000cac00000, 0x0000000100000000)
  region size 1024K, 1 young (1024K), 1 survivors (1024K)
 Metaspace       used 70988K, committed 71616K, reserved 1114112K
  class space    used 9718K, committed 10048K, reserved 1048576K
}
Event: 36.160 GC heap before
{Heap before GC invocations=28 (full 0):
 garbage-first heap   total 66560K, used 54634K [0x00000000cac00000, 0x0000000100000000)
  region size 1024K, 19 young (19456K), 1 survivors (1024K)
 Metaspace       used 72998K, committed 73664K, reserved 1114112K
  class space    used 10018K, committed 10368K, reserved 1048576K
}
Event: 36.169 GC heap after
{Heap after GC invocations=29 (full 0):
 garbage-first heap   total 79872K, used 37612K [0x00000000cac00000, 0x0000000100000000)
  region size 1024K, 2 young (2048K), 2 survivors (2048K)
 Metaspace       used 72998K, committed 73664K, reserved 1114112K
  class space    used 10018K, committed 10368K, reserved 1048576K
}
Event: 101.769 GC heap before
{Heap before GC invocations=30 (full 0):
 garbage-first heap   total 79872K, used 64236K [0x00000000cac00000, 0x0000000100000000)
  region size 1024K, 28 young (28672K), 2 survivors (2048K)
 Metaspace       used 74620K, committed 75328K, reserved 1114112K
  class space    used 10179K, committed 10496K, reserved 1048576K
}
Event: 101.843 GC heap after
{Heap after GC invocations=31 (full 0):
 garbage-first heap   total 79872K, used 38567K [0x00000000cac00000, 0x0000000100000000)
  region size 1024K, 3 young (3072K), 3 survivors (3072K)
 Metaspace       used 74620K, committed 75328K, reserved 1114112K
  class space    used 10179K, committed 10496K, reserved 1048576K
}
Event: 111.604 GC heap before
{Heap before GC invocations=31 (full 0):
 garbage-first heap   total 79872K, used 39591K [0x00000000cac00000, 0x0000000100000000)
  region size 1024K, 4 young (4096K), 3 survivors (3072K)
 Metaspace       used 74627K, committed 75328K, reserved 1114112K
  class space    used 10179K, committed 10496K, reserved 1048576K
}
Event: 111.644 GC heap after
{Heap after GC invocations=32 (full 0):
 garbage-first heap   total 79872K, used 38313K [0x00000000cac00000, 0x0000000100000000)
  region size 1024K, 1 young (1024K), 1 survivors (1024K)
 Metaspace       used 74627K, committed 75328K, reserved 1114112K
  class space    used 10179K, committed 10496K, reserved 1048576K
}
Event: 371.831 GC heap before
{Heap before GC invocations=32 (full 0):
 garbage-first heap   total 79872K, used 63913K [0x00000000cac00000, 0x0000000100000000)
  region size 1024K, 26 young (26624K), 1 survivors (1024K)
 Metaspace       used 75002K, committed 75712K, reserved 1114112K
  class space    used 10221K, committed 10560K, reserved 1048576K
}
Event: 371.933 GC heap after
{Heap after GC invocations=33 (full 0):
 garbage-first heap   total 79872K, used 38313K [0x00000000cac00000, 0x0000000100000000)
  region size 1024K, 1 young (1024K), 1 survivors (1024K)
 Metaspace       used 75002K, committed 75712K, reserved 1114112K
  class space    used 10221K, committed 10560K, reserved 1048576K
}
Event: 485.266 GC heap before
{Heap before GC invocations=34 (full 0):
 garbage-first heap   total 79872K, used 64937K [0x00000000cac00000, 0x0000000100000000)
  region size 1024K, 27 young (27648K), 1 survivors (1024K)
 Metaspace       used 77327K, committed 78016K, reserved 1179648K
  class space    used 10680K, committed 11008K, reserved 1048576K
}
Event: 485.277 GC heap after
{Heap after GC invocations=35 (full 0):
 garbage-first heap   total 79872K, used 39604K [0x00000000cac00000, 0x0000000100000000)
  region size 1024K, 2 young (2048K), 2 survivors (2048K)
 Metaspace       used 77327K, committed 78016K, reserved 1179648K
  class space    used 10680K, committed 11008K, reserved 1048576K
}
Event: 485.298 GC heap before
{Heap before GC invocations=35 (full 0):
 garbage-first heap   total 79872K, used 39604K [0x00000000cac00000, 0x0000000100000000)
  region size 1024K, 3 young (3072K), 2 survivors (2048K)
 Metaspace       used 77519K, committed 78208K, reserved 1179648K
  class space    used 10680K, committed 11008K, reserved 1048576K
}
Event: 485.317 GC heap after
{Heap after GC invocations=36 (full 0):
 garbage-first heap   total 79872K, used 39755K [0x00000000cac00000, 0x0000000100000000)
  region size 1024K, 1 young (1024K), 1 survivors (1024K)
 Metaspace       used 77519K, committed 78208K, reserved 1179648K
  class space    used 10680K, committed 11008K, reserved 1048576K
}

