# JRE version: Java(TM) SE Runtime Environment (17.0.12+8) (build 17.0.12+8-LTS-286)
# Java VM: Java HotSpot(TM) 64-Bit Server VM (17.0.12+8-LTS-286, mixed mode, sharing, tiered, compressed oops, compressed class ptrs, g1 gc, windows-amd64)
GC Precious Log:
 CPUs: 12 total, 12 available
 Memory: 3405M
 Large Page Support: Disabled
 NUMA Support: Disabled
 Compressed Oops: Enabled (32-bit)
 Heap Region Size: 1M
 Heap Min Capacity: 8M
 Heap Initial Capacity: 54M
 Heap Max Capacity: 852M
 Pre-touch: Disabled
 Parallel Workers: 10
 Concurrent Workers: 3
 Concurrent Refinement Workers: 10
 Periodic GC: Disabled
Heap:
 garbage-first heap   total 102400K, used 40892K [0x00000000cac00000, 0x0000000100000000)
  region size 1024K, 6 young (6144K), 2 survivors (2048K)
 Metaspace       used 84650K, committed 85312K, reserved 1179648K
  class space    used 10980K, committed 11328K, reserved 1048576K
GC Heap History (20 events):
Event: 1870.136 GC heap before
{Heap before GC invocations=75 (full 0):
 garbage-first heap   total 157696K, used 152145K [0x00000000cac00000, 0x0000000100000000)
  region size 1024K, 55 young (56320K), 2 survivors (2048K)
 Metaspace       used 82728K, committed 83456K, reserved 1179648K
  class space    used 10847K, committed 11200K, reserved 1048576K
}
Event: 1870.199 GC heap after
{Heap after GC invocations=76 (full 0):
 garbage-first heap   total 157696K, used 44430K [0x00000000cac00000, 0x0000000100000000)
  region size 1024K, 2 young (2048K), 2 survivors (2048K)
 Metaspace       used 82728K, committed 83456K, reserved 1179648K
  class space    used 10847K, committed 11200K, reserved 1048576K
}
Event: 1874.686 GC heap before
{Heap before GC invocations=76 (full 0):
 garbage-first heap   total 157696K, used 83342K [0x00000000cac00000, 0x0000000100000000)
  region size 1024K, 7 young (7168K), 2 survivors (2048K)
 Metaspace       used 82742K, committed 83456K, reserved 1179648K
  class space    used 10848K, committed 11200K, reserved 1048576K
}
Event: 1874.826 GC heap after
{Heap after GC invocations=77 (full 0):
 garbage-first heap   total 157696K, used 38655K [0x00000000cac00000, 0x0000000100000000)
  region size 1024K, 1 young (1024K), 1 survivors (1024K)
 Metaspace       used 82742K, committed 83456K, reserved 1179648K
  class space    used 10848K, committed 11200K, reserved 1048576K
}
Event: 1889.117 GC heap before
{Heap before GC invocations=77 (full 0):
 garbage-first heap   total 157696K, used 49919K [0x00000000cac00000, 0x0000000100000000)
  region size 1024K, 13 young (13312K), 1 survivors (1024K)
 Metaspace       used 82754K, committed 83456K, reserved 1179648K
  class space    used 10848K, committed 11200K, reserved 1048576K
}
Event: 1889.133 GC heap after
{Heap after GC invocations=78 (full 0):
 garbage-first heap   total 157696K, used 39214K [0x00000000cac00000, 0x0000000100000000)
  region size 1024K, 1 young (1024K), 1 survivors (1024K)
 Metaspace       used 82754K, committed 83456K, reserved 1179648K
  class space    used 10848K, committed 11200K, reserved 1048576K
}
Event: 2478.585 GC heap before
{Heap before GC invocations=79 (full 0):
 garbage-first heap   total 157696K, used 137518K [0x00000000cac00000, 0x0000000100000000)
  region size 1024K, 92 young (94208K), 1 survivors (1024K)
 Metaspace       used 82979K, committed 83648K, reserved 1179648K
  class space    used 10860K, committed 11200K, reserved 1048576K
}
Event: 2478.646 GC heap after
{Heap after GC invocations=80 (full 0):
 garbage-first heap   total 157696K, used 38657K [0x00000000cac00000, 0x0000000100000000)
  region size 1024K, 1 young (1024K), 1 survivors (1024K)
 Metaspace       used 82979K, committed 83648K, reserved 1179648K
  class space    used 10860K, committed 11200K, reserved 1048576K
}
Event: 2530.978 GC heap before
{Heap before GC invocations=80 (full 0):
 garbage-first heap   total 157696K, used 44801K [0x00000000cac00000, 0x0000000100000000)
  region size 1024K, 7 young (7168K), 1 survivors (1024K)
 Metaspace       used 82993K, committed 83648K, reserved 1179648K
  class space    used 10860K, committed 11200K, reserved 1048576K
}
Event: 2531.065 GC heap after
{Heap after GC invocations=81 (full 0):
 garbage-first heap   total 157696K, used 37978K [0x00000000cac00000, 0x0000000100000000)
  region size 1024K, 1 young (1024K), 1 survivors (1024K)
 Metaspace       used 82993K, committed 83648K, reserved 1179648K
  class space    used 10860K, committed 11200K, reserved 1048576K
}
Event: 2531.369 GC heap before
{Heap before GC invocations=81 (full 0):
 garbage-first heap   total 157696K, used 41050K [0x00000000cac00000, 0x0000000100000000)
  region size 1024K, 5 young (5120K), 1 survivors (1024K)
 Metaspace       used 82993K, committed 83648K, reserved 1179648K
  class space    used 10860K, committed 11200K, reserved 1048576K
}
Event: 2531.394 GC heap after
{Heap after GC invocations=82 (full 0):
 garbage-first heap   total 157696K, used 38100K [0x00000000cac00000, 0x0000000100000000)
  region size 1024K, 1 young (1024K), 1 survivors (1024K)
 Metaspace       used 82993K, committed 83648K, reserved 1179648K
  class space    used 10860K, committed 11200K, reserved 1048576K
}
Event: 2887.102 GC heap before
{Heap before GC invocations=83 (full 0):
 garbage-first heap   total 157696K, used 135380K [0x00000000cac00000, 0x0000000100000000)
  region size 1024K, 39 young (39936K), 1 survivors (1024K)
 Metaspace       used 83158K, committed 83840K, reserved 1179648K
  class space    used 10890K, committed 11200K, reserved 1048576K
}
Event: 2891.822 GC heap after
{Heap after GC invocations=84 (full 1):
 garbage-first heap   total 102400K, used 28185K [0x00000000cac00000, 0x0000000100000000)
  region size 1024K, 0 young (0K), 0 survivors (0K)
 Metaspace       used 83158K, committed 83840K, reserved 1179648K
  class space    used 10890K, committed 11200K, reserved 1048576K
}
Event: 2911.463 GC heap before
{Heap before GC invocations=84 (full 1):
 garbage-first heap   total 102400K, used 82457K [0x00000000cac00000, 0x0000000100000000)
  region size 1024K, 53 young (54272K), 0 survivors (0K)
 Metaspace       used 83769K, committed 84480K, reserved 1179648K
  class space    used 10927K, committed 11264K, reserved 1048576K
}
Event: 2911.561 GC heap after
{Heap after GC invocations=85 (full 1):
 garbage-first heap   total 102400K, used 33284K [0x00000000cac00000, 0x0000000100000000)
  region size 1024K, 5 young (5120K), 5 survivors (5120K)
 Metaspace       used 83769K, committed 84480K, reserved 1179648K
  class space    used 10927K, committed 11264K, reserved 1048576K
}
Event: 2918.106 GC heap before
{Heap before GC invocations=86 (full 1):
 garbage-first heap   total 102400K, used 81412K [0x00000000cac00000, 0x0000000100000000)
  region size 1024K, 52 young (53248K), 5 survivors (5120K)
 Metaspace       used 84376K, committed 84992K, reserved 1179648K
  class space    used 10962K, committed 11264K, reserved 1048576K
}
Event: 2918.219 GC heap after
{Heap after GC invocations=87 (full 1):
 garbage-first heap   total 102400K, used 36601K [0x00000000cac00000, 0x0000000100000000)
  region size 1024K, 4 young (4096K), 4 survivors (4096K)
 Metaspace       used 84376K, committed 84992K, reserved 1179648K
  class space    used 10962K, committed 11264K, reserved 1048576K
}
Event: 2918.728 GC heap before
{Heap before GC invocations=87 (full 1):
 garbage-first heap   total 102400K, used 80633K [0x00000000cac00000, 0x0000000100000000)
  region size 1024K, 47 young (48128K), 4 survivors (4096K)
 Metaspace       used 84592K, committed 85312K, reserved 1179648K
  class space    used 10976K, committed 11328K, reserved 1048576K
}
Event: 2918.758 GC heap after
{Heap after GC invocations=88 (full 1):
 garbage-first heap   total 102400K, used 37820K [0x00000000cac00000, 0x0000000100000000)
  region size 1024K, 2 young (2048K), 2 survivors (2048K)
 Metaspace       used 84592K, committed 85312K, reserved 1179648K
  class space    used 10976K, committed 11328K, reserved 1048576K
}

