# JRE version: Java(TM) SE Runtime Environment (17.0.12+8) (build 17.0.12+8-LTS-286)
# Java VM: Java HotSpot(TM) 64-Bit Server VM (17.0.12+8-LTS-286, mixed mode, sharing, tiered, compressed oops, compressed class ptrs, g1 gc, windows-amd64)
GC Precious Log:
 CPUs: 12 total, 12 available
 Memory: 3405M
 Large Page Support: Disabled
 NUMA Support: Disabled
 Compressed Oops: Enabled (32-bit)
 Heap Region Size: 1M
 Heap Min Capacity: 8M
 Heap Initial Capacity: 54M
 Heap Max Capacity: 852M
 Pre-touch: Disabled
 Parallel Workers: 10
 Concurrent Workers: 3
 Concurrent Refinement Workers: 10
 Periodic GC: Disabled
Heap:
 garbage-first heap   total 76800K, used 40189K [0x00000000cac00000, 0x0000000100000000)
  region size 1024K, 1 young (1024K), 1 survivors (1024K)
 Metaspace       used 71794K, committed 72448K, reserved 1114112K
  class space    used 9656K, committed 9984K, reserved 1048576K
GC Heap History (20 events):
Event: 193.331 GC heap after
{Heap after GC invocations=39 (full 1):
 garbage-first heap   total 76800K, used 32123K [0x00000000cac00000, 0x0000000100000000)
  region size 1024K, 4 young (4096K), 4 survivors (4096K)
 Metaspace       used 69720K, committed 70272K, reserved 1114112K
  class space    used 9507K, committed 9792K, reserved 1048576K
}
Event: 194.090 GC heap before
{Heap before GC invocations=39 (full 1):
 garbage-first heap   total 76800K, used 58747K [0x00000000cac00000, 0x0000000100000000)
  region size 1024K, 30 young (30720K), 4 survivors (4096K)
 Metaspace       used 70191K, committed 70784K, reserved 1114112K
  class space    used 9529K, committed 9792K, reserved 1048576K
}
Event: 194.096 GC heap after
{Heap after GC invocations=40 (full 1):
 garbage-first heap   total 76800K, used 33422K [0x00000000cac00000, 0x0000000100000000)
  region size 1024K, 3 young (3072K), 3 survivors (3072K)
 Metaspace       used 70191K, committed 70784K, reserved 1114112K
  class space    used 9529K, committed 9792K, reserved 1048576K
}
Event: 194.171 GC heap before
{Heap before GC invocations=40 (full 1):
 garbage-first heap   total 76800K, used 59022K [0x00000000cac00000, 0x0000000100000000)
  region size 1024K, 28 young (28672K), 3 survivors (3072K)
 Metaspace       used 70306K, committed 70848K, reserved 1114112K
  class space    used 9535K, committed 9792K, reserved 1048576K
}
Event: 194.175 GC heap after
{Heap after GC invocations=41 (full 1):
 garbage-first heap   total 76800K, used 33918K [0x00000000cac00000, 0x0000000100000000)
  region size 1024K, 3 young (3072K), 3 survivors (3072K)
 Metaspace       used 70306K, committed 70848K, reserved 1114112K
  class space    used 9535K, committed 9792K, reserved 1048576K
}
Event: 194.250 GC heap before
{Heap before GC invocations=41 (full 1):
 garbage-first heap   total 76800K, used 59518K [0x00000000cac00000, 0x0000000100000000)
  region size 1024K, 28 young (28672K), 3 survivors (3072K)
 Metaspace       used 70541K, committed 71168K, reserved 1114112K
  class space    used 9553K, committed 9856K, reserved 1048576K
}
Event: 194.253 GC heap after
{Heap after GC invocations=42 (full 1):
 garbage-first heap   total 76800K, used 34334K [0x00000000cac00000, 0x0000000100000000)
  region size 1024K, 3 young (3072K), 3 survivors (3072K)
 Metaspace       used 70541K, committed 71168K, reserved 1114112K
  class space    used 9553K, committed 9856K, reserved 1048576K
}
Event: 359.201 GC heap before
{Heap before GC invocations=43 (full 1):
 garbage-first heap   total 76800K, used 60958K [0x00000000cac00000, 0x0000000100000000)
  region size 1024K, 29 young (29696K), 3 survivors (3072K)
 Metaspace       used 70874K, committed 71488K, reserved 1114112K
  class space    used 9597K, committed 9920K, reserved 1048576K
}
Event: 360.439 GC heap after
{Heap after GC invocations=44 (full 1):
 garbage-first heap   total 76800K, used 34428K [0x00000000cac00000, 0x0000000100000000)
  region size 1024K, 2 young (2048K), 2 survivors (2048K)
 Metaspace       used 70874K, committed 71488K, reserved 1114112K
  class space    used 9597K, committed 9920K, reserved 1048576K
}
Event: 495.176 GC heap before
{Heap before GC invocations=44 (full 1):
 garbage-first heap   total 76800K, used 61052K [0x00000000cac00000, 0x0000000100000000)
  region size 1024K, 28 young (28672K), 2 survivors (2048K)
 Metaspace       used 71033K, committed 71680K, reserved 1114112K
  class space    used 9609K, committed 9920K, reserved 1048576K
}
Event: 495.225 GC heap after
{Heap after GC invocations=45 (full 1):
 garbage-first heap   total 76800K, used 36274K [0x00000000cac00000, 0x0000000100000000)
  region size 1024K, 4 young (4096K), 4 survivors (4096K)
 Metaspace       used 71033K, committed 71680K, reserved 1114112K
  class space    used 9609K, committed 9920K, reserved 1048576K
}
Event: 496.459 GC heap before
{Heap before GC invocations=46 (full 1):
 garbage-first heap   total 76800K, used 60850K [0x00000000cac00000, 0x0000000100000000)
  region size 1024K, 28 young (28672K), 4 survivors (4096K)
 Metaspace       used 71281K, committed 71872K, reserved 1114112K
  class space    used 9630K, committed 9920K, reserved 1048576K
}
Event: 496.481 GC heap after
{Heap after GC invocations=47 (full 1):
 garbage-first heap   total 76800K, used 37370K [0x00000000cac00000, 0x0000000100000000)
  region size 1024K, 4 young (4096K), 4 survivors (4096K)
 Metaspace       used 71281K, committed 71872K, reserved 1114112K
  class space    used 9630K, committed 9920K, reserved 1048576K
}
Event: 496.527 GC heap before
{Heap before GC invocations=47 (full 1):
 garbage-first heap   total 76800K, used 38394K [0x00000000cac00000, 0x0000000100000000)
  region size 1024K, 5 young (5120K), 4 survivors (4096K)
 Metaspace       used 71284K, committed 71872K, reserved 1114112K
  class space    used 9630K, committed 9920K, reserved 1048576K
}
Event: 496.566 GC heap after
{Heap after GC invocations=48 (full 1):
 garbage-first heap   total 76800K, used 37911K [0x00000000cac00000, 0x0000000100000000)
  region size 1024K, 1 young (1024K), 1 survivors (1024K)
 Metaspace       used 71284K, committed 71872K, reserved 1114112K
  class space    used 9630K, committed 9920K, reserved 1048576K
}
Event: 498.361 GC heap before
{Heap before GC invocations=48 (full 1):
 garbage-first heap   total 76800K, used 60439K [0x00000000cac00000, 0x0000000100000000)
  region size 1024K, 23 young (23552K), 1 survivors (1024K)
 Metaspace       used 71412K, committed 72064K, reserved 1114112K
  class space    used 9637K, committed 9920K, reserved 1048576K
}
Event: 498.369 GC heap after
{Heap after GC invocations=49 (full 1):
 garbage-first heap   total 76800K, used 39168K [0x00000000cac00000, 0x0000000100000000)
  region size 1024K, 2 young (2048K), 2 survivors (2048K)
 Metaspace       used 71412K, committed 72064K, reserved 1114112K
  class space    used 9637K, committed 9920K, reserved 1048576K
}
Event: 499.008 GC heap before
{Heap before GC invocations=50 (full 1):
 garbage-first heap   total 76800K, used 60672K [0x00000000cac00000, 0x0000000100000000)
  region size 1024K, 23 young (23552K), 2 survivors (2048K)
 Metaspace       used 71794K, committed 72448K, reserved 1114112K
  class space    used 9656K, committed 9984K, reserved 1048576K
}
Event: 499.020 GC heap after
{Heap after GC invocations=51 (full 1):
 garbage-first heap   total 76800K, used 40160K [0x00000000cac00000, 0x0000000100000000)
  region size 1024K, 2 young (2048K), 2 survivors (2048K)
 Metaspace       used 71794K, committed 72448K, reserved 1114112K
  class space    used 9656K, committed 9984K, reserved 1048576K
}
Event: 499.022 GC heap before
{Heap before GC invocations=51 (full 1):
 garbage-first heap   total 76800K, used 41184K [0x00000000cac00000, 0x0000000100000000)
  region size 1024K, 3 young (3072K), 2 survivors (2048K)
 Metaspace       used 71794K, committed 72448K, reserved 1114112K
  class space    used 9656K, committed 9984K, reserved 1048576K
}

