# JRE version: Java(TM) SE Runtime Environment (17.0.12+8) (build 17.0.12+8-LTS-286)
# Java VM: Java HotSpot(TM) 64-Bit Server VM (17.0.12+8-LTS-286, mixed mode, sharing, tiered, compressed oops, compressed class ptrs, g1 gc, windows-amd64)
GC Precious Log:
 CPUs: 12 total, 12 available
 Memory: 3405M
 Large Page Support: Disabled
 NUMA Support: Disabled
 Compressed Oops: Enabled (32-bit)
 Heap Region Size: 1M
 Heap Min Capacity: 8M
 Heap Initial Capacity: 54M
 Heap Max Capacity: 852M
 Pre-touch: Disabled
 Parallel Workers: 10
 Concurrent Workers: 3
 Concurrent Refinement Workers: 10
 Periodic GC: Disabled
Heap:
 garbage-first heap   total 70656K, used 47113K [0x00000000cac00000, 0x0000000100000000)
  region size 1024K, 20 young (20480K), 2 survivors (2048K)
 Metaspace       used 61378K, committed 61952K, reserved 1114112K
  class space    used 8419K, committed 8704K, reserved 1048576K
GC Heap History (20 events):
Event: 18.129 GC heap before
{Heap before GC invocations=14 (full 0):
 garbage-first heap   total 55296K, used 42095K [0x00000000cac00000, 0x0000000100000000)
  region size 1024K, 22 young (22528K), 2 survivors (2048K)
 Metaspace       used 45119K, committed 45504K, reserved 1114112K
  class space    used 5960K, committed 6144K, reserved 1048576K
}
Event: 18.133 GC heap after
{Heap after GC invocations=15 (full 0):
 garbage-first heap   total 55296K, used 24286K [0x00000000cac00000, 0x0000000100000000)
  region size 1024K, 3 young (3072K), 3 survivors (3072K)
 Metaspace       used 45119K, committed 45504K, reserved 1114112K
  class space    used 5960K, committed 6144K, reserved 1048576K
}
Event: 24.207 GC heap before
{Heap before GC invocations=15 (full 0):
 garbage-first heap   total 55296K, used 43742K [0x00000000cac00000, 0x0000000100000000)
  region size 1024K, 22 young (22528K), 3 survivors (3072K)
 Metaspace       used 50898K, committed 51328K, reserved 1114112K
  class space    used 6921K, committed 7104K, reserved 1048576K
}
Event: 24.212 GC heap after
{Heap after GC invocations=16 (full 0):
 garbage-first heap   total 55296K, used 25310K [0x00000000cac00000, 0x0000000100000000)
  region size 1024K, 3 young (3072K), 3 survivors (3072K)
 Metaspace       used 50898K, committed 51328K, reserved 1114112K
  class space    used 6921K, committed 7104K, reserved 1048576K
}
Event: 24.599 GC heap before
{Heap before GC invocations=16 (full 0):
 garbage-first heap   total 55296K, used 43742K [0x00000000cac00000, 0x0000000100000000)
  region size 1024K, 21 young (21504K), 3 survivors (3072K)
 Metaspace       used 53006K, committed 53504K, reserved 1114112K
  class space    used 7241K, committed 7488K, reserved 1048576K
}
Event: 24.603 GC heap after
{Heap after GC invocations=17 (full 0):
 garbage-first heap   total 55296K, used 25863K [0x00000000cac00000, 0x0000000100000000)
  region size 1024K, 2 young (2048K), 2 survivors (2048K)
 Metaspace       used 53006K, committed 53504K, reserved 1114112K
  class space    used 7241K, committed 7488K, reserved 1048576K
}
Event: 25.280 GC heap before
{Heap before GC invocations=17 (full 0):
 garbage-first heap   total 55296K, used 44295K [0x00000000cac00000, 0x0000000100000000)
  region size 1024K, 20 young (20480K), 2 survivors (2048K)
 Metaspace       used 56428K, committed 56896K, reserved 1114112K
  class space    used 7717K, committed 7936K, reserved 1048576K
}
Event: 25.285 GC heap after
{Heap after GC invocations=18 (full 0):
 garbage-first heap   total 55296K, used 26805K [0x00000000cac00000, 0x0000000100000000)
  region size 1024K, 3 young (3072K), 3 survivors (3072K)
 Metaspace       used 56428K, committed 56896K, reserved 1114112K
  class space    used 7717K, committed 7936K, reserved 1048576K
}
Event: 25.728 GC heap before
{Heap before GC invocations=18 (full 0):
 garbage-first heap   total 55296K, used 43189K [0x00000000cac00000, 0x0000000100000000)
  region size 1024K, 20 young (20480K), 3 survivors (3072K)
 Metaspace       used 58500K, committed 59008K, reserved 1114112K
  class space    used 8007K, committed 8256K, reserved 1048576K
}
Event: 25.734 GC heap after
{Heap after GC invocations=19 (full 0):
 garbage-first heap   total 55296K, used 27623K [0x00000000cac00000, 0x0000000100000000)
  region size 1024K, 2 young (2048K), 2 survivors (2048K)
 Metaspace       used 58500K, committed 59008K, reserved 1114112K
  class space    used 8007K, committed 8256K, reserved 1048576K
}
Event: 26.036 GC heap before
{Heap before GC invocations=19 (full 0):
 garbage-first heap   total 55296K, used 35815K [0x00000000cac00000, 0x0000000100000000)
  region size 1024K, 11 young (11264K), 2 survivors (2048K)
 Metaspace       used 59704K, committed 60160K, reserved 1114112K
  class space    used 8176K, committed 8384K, reserved 1048576K
}
Event: 26.040 GC heap after
{Heap after GC invocations=20 (full 0):
 garbage-first heap   total 55296K, used 28293K [0x00000000cac00000, 0x0000000100000000)
  region size 1024K, 2 young (2048K), 2 survivors (2048K)
 Metaspace       used 59704K, committed 60160K, reserved 1114112K
  class space    used 8176K, committed 8384K, reserved 1048576K
}
Event: 26.435 GC heap before
{Heap before GC invocations=21 (full 0):
 garbage-first heap   total 55296K, used 44677K [0x00000000cac00000, 0x0000000100000000)
  region size 1024K, 18 young (18432K), 2 survivors (2048K)
 Metaspace       used 59995K, committed 60544K, reserved 1114112K
  class space    used 8227K, committed 8512K, reserved 1048576K
}
Event: 26.438 GC heap after
{Heap after GC invocations=22 (full 0):
 garbage-first heap   total 55296K, used 28787K [0x00000000cac00000, 0x0000000100000000)
  region size 1024K, 2 young (2048K), 2 survivors (2048K)
 Metaspace       used 59995K, committed 60544K, reserved 1114112K
  class space    used 8227K, committed 8512K, reserved 1048576K
}
Event: 26.493 GC heap before
{Heap before GC invocations=22 (full 0):
 garbage-first heap   total 55296K, used 45171K [0x00000000cac00000, 0x0000000100000000)
  region size 1024K, 18 young (18432K), 2 survivors (2048K)
 Metaspace       used 60085K, committed 60672K, reserved 1114112K
  class space    used 8233K, committed 8512K, reserved 1048576K
}
Event: 26.496 GC heap after
{Heap after GC invocations=23 (full 0):
 garbage-first heap   total 55296K, used 29075K [0x00000000cac00000, 0x0000000100000000)
  region size 1024K, 2 young (2048K), 2 survivors (2048K)
 Metaspace       used 60085K, committed 60672K, reserved 1114112K
  class space    used 8233K, committed 8512K, reserved 1048576K
}
Event: 26.567 GC heap before
{Heap before GC invocations=24 (full 0):
 garbage-first heap   total 58368K, used 45459K [0x00000000cac00000, 0x0000000100000000)
  region size 1024K, 18 young (18432K), 2 survivors (2048K)
 Metaspace       used 60177K, committed 60736K, reserved 1114112K
  class space    used 8238K, committed 8512K, reserved 1048576K
}
Event: 26.569 GC heap after
{Heap after GC invocations=25 (full 0):
 garbage-first heap   total 58368K, used 29340K [0x00000000cac00000, 0x0000000100000000)
  region size 1024K, 2 young (2048K), 2 survivors (2048K)
 Metaspace       used 60177K, committed 60736K, reserved 1114112K
  class space    used 8238K, committed 8512K, reserved 1048576K
}
Event: 26.652 GC heap before
{Heap before GC invocations=25 (full 0):
 garbage-first heap   total 58368K, used 48796K [0x00000000cac00000, 0x0000000100000000)
  region size 1024K, 21 young (21504K), 2 survivors (2048K)
 Metaspace       used 60336K, committed 60928K, reserved 1114112K
  class space    used 8249K, committed 8576K, reserved 1048576K
}
Event: 26.655 GC heap after
{Heap after GC invocations=26 (full 0):
 garbage-first heap   total 70656K, used 29705K [0x00000000cac00000, 0x0000000100000000)
  region size 1024K, 2 young (2048K), 2 survivors (2048K)
 Metaspace       used 60336K, committed 60928K, reserved 1114112K
  class space    used 8249K, committed 8576K, reserved 1048576K
}

