# JRE version: Java(TM) SE Runtime Environment (17.0.12+8) (build 17.0.12+8-LTS-286)
# Java VM: Java HotSpot(TM) 64-Bit Server VM (17.0.12+8-LTS-286, mixed mode, sharing, tiered, compressed oops, compressed class ptrs, g1 gc, windows-amd64)
GC Precious Log:
 CPUs: 12 total, 12 available
 Memory: 3405M
 Large Page Support: Disabled
 NUMA Support: Disabled
 Compressed Oops: Enabled (32-bit)
 Heap Region Size: 1M
 Heap Min Capacity: 8M
 Heap Initial Capacity: 54M
 Heap Max Capacity: 852M
 Pre-touch: Disabled
 Parallel Workers: 10
 Concurrent Workers: 3
 Concurrent Refinement Workers: 10
 Periodic GC: Disabled
Heap:
 garbage-first heap   total 106496K, used 57257K [0x00000000cac00000, 0x0000000100000000)
  region size 1024K, 27 young (27648K), 0 survivors (0K)
 Metaspace       used 88685K, committed 89344K, reserved 1179648K
  class space    used 11147K, committed 11456K, reserved 1048576K
GC Heap History (20 events):
Event: 8836.526 GC heap before
{Heap before GC invocations=110 (full 4):
 garbage-first heap   total 96256K, used 80660K [0x00000000cac00000, 0x0000000100000000)
  region size 1024K, 53 young (54272K), 0 survivors (0K)
 Metaspace       used 86004K, committed 87168K, reserved 1179648K
  class space    used 10939K, committed 11392K, reserved 1048576K
}
Event: 8836.660 GC heap after
{Heap after GC invocations=111 (full 4):
 garbage-first heap   total 96256K, used 32528K [0x00000000cac00000, 0x0000000100000000)
  region size 1024K, 5 young (5120K), 5 survivors (5120K)
 Metaspace       used 86004K, committed 87168K, reserved 1179648K
  class space    used 10939K, committed 11392K, reserved 1048576K
}
Event: 8846.645 GC heap before
{Heap before GC invocations=112 (full 4):
 garbage-first heap   total 96256K, used 78608K [0x00000000cac00000, 0x0000000100000000)
  region size 1024K, 50 young (51200K), 5 survivors (5120K)
 Metaspace       used 86438K, committed 87232K, reserved 1179648K
  class space    used 10974K, committed 11392K, reserved 1048576K
}
Event: 8846.747 GC heap after
{Heap after GC invocations=113 (full 4):
 garbage-first heap   total 96256K, used 35672K [0x00000000cac00000, 0x0000000100000000)
  region size 1024K, 4 young (4096K), 4 survivors (4096K)
 Metaspace       used 86438K, committed 87232K, reserved 1179648K
  class space    used 10974K, committed 11392K, reserved 1048576K
}
Event: 8846.978 GC heap before
{Heap before GC invocations=113 (full 4):
 garbage-first heap   total 96256K, used 76632K [0x00000000cac00000, 0x0000000100000000)
  region size 1024K, 44 young (45056K), 4 survivors (4096K)
 Metaspace       used 86654K, committed 87424K, reserved 1179648K
  class space    used 10989K, committed 11392K, reserved 1048576K
}
Event: 8847.025 GC heap after
{Heap after GC invocations=114 (full 4):
 garbage-first heap   total 96256K, used 36727K [0x00000000cac00000, 0x0000000100000000)
  region size 1024K, 1 young (1024K), 1 survivors (1024K)
 Metaspace       used 86654K, committed 87424K, reserved 1179648K
  class space    used 10989K, committed 11392K, reserved 1048576K
}
Event: 8848.794 GC heap before
{Heap before GC invocations=115 (full 4):
 garbage-first heap   total 96256K, used 77687K [0x00000000cac00000, 0x0000000100000000)
  region size 1024K, 41 young (41984K), 1 survivors (1024K)
 Metaspace       used 86880K, committed 87616K, reserved 1179648K
  class space    used 11004K, committed 11392K, reserved 1048576K
}
Event: 8848.818 GC heap after
{Heap after GC invocations=116 (full 4):
 garbage-first heap   total 115712K, used 38279K [0x00000000cac00000, 0x0000000100000000)
  region size 1024K, 3 young (3072K), 3 survivors (3072K)
 Metaspace       used 86880K, committed 87616K, reserved 1179648K
  class space    used 11004K, committed 11392K, reserved 1048576K
}
Event: 8851.568 GC heap before
{Heap before GC invocations=116 (full 4):
 garbage-first heap   total 115712K, used 68999K [0x00000000cac00000, 0x0000000100000000)
  region size 1024K, 34 young (34816K), 3 survivors (3072K)
 Metaspace       used 87088K, committed 87808K, reserved 1179648K
  class space    used 11027K, committed 11392K, reserved 1048576K
}
Event: 8852.501 GC heap after
{Heap after GC invocations=117 (full 5):
 garbage-first heap   total 106496K, used 29500K [0x00000000cac00000, 0x0000000100000000)
  region size 1024K, 0 young (0K), 0 survivors (0K)
 Metaspace       used 87026K, committed 87808K, reserved 1179648K
  class space    used 11013K, committed 11392K, reserved 1048576K
}
Event: 8856.586 GC heap before
{Heap before GC invocations=117 (full 5):
 garbage-first heap   total 106496K, used 84796K [0x00000000cac00000, 0x0000000100000000)
  region size 1024K, 55 young (56320K), 0 survivors (0K)
 Metaspace       used 87381K, committed 88064K, reserved 1179648K
  class space    used 11045K, committed 11392K, reserved 1048576K
}
Event: 8856.619 GC heap after
{Heap after GC invocations=118 (full 5):
 garbage-first heap   total 106496K, used 33798K [0x00000000cac00000, 0x0000000100000000)
  region size 1024K, 5 young (5120K), 5 survivors (5120K)
 Metaspace       used 87381K, committed 88064K, reserved 1179648K
  class space    used 11045K, committed 11392K, reserved 1048576K
}
Event: 8867.452 GC heap before
{Heap before GC invocations=119 (full 5):
 garbage-first heap   total 106496K, used 83974K [0x00000000cac00000, 0x0000000100000000)
  region size 1024K, 54 young (55296K), 5 survivors (5120K)
 Metaspace       used 87890K, committed 88512K, reserved 1179648K
  class space    used 11084K, committed 11392K, reserved 1048576K
}
Event: 8867.648 GC heap after
{Heap after GC invocations=120 (full 5):
 garbage-first heap   total 106496K, used 36397K [0x00000000cac00000, 0x0000000100000000)
  region size 1024K, 3 young (3072K), 3 survivors (3072K)
 Metaspace       used 87890K, committed 88512K, reserved 1179648K
  class space    used 11084K, committed 11392K, reserved 1048576K
}
Event: 8868.415 GC heap before
{Heap before GC invocations=120 (full 5):
 garbage-first heap   total 106496K, used 84525K [0x00000000cac00000, 0x0000000100000000)
  region size 1024K, 50 young (51200K), 3 survivors (3072K)
 Metaspace       used 88187K, committed 88896K, reserved 1179648K
  class space    used 11107K, committed 11456K, reserved 1048576K
}
Event: 8868.424 GC heap after
{Heap after GC invocations=121 (full 5):
 garbage-first heap   total 106496K, used 37040K [0x00000000cac00000, 0x0000000100000000)
  region size 1024K, 4 young (4096K), 4 survivors (4096K)
 Metaspace       used 88187K, committed 88896K, reserved 1179648K
  class space    used 11107K, committed 11456K, reserved 1048576K
}
Event: 8869.199 GC heap before
{Heap before GC invocations=122 (full 5):
 garbage-first heap   total 106496K, used 85168K [0x00000000cac00000, 0x0000000100000000)
  region size 1024K, 51 young (52224K), 4 survivors (4096K)
 Metaspace       used 88327K, committed 89024K, reserved 1179648K
  class space    used 11116K, committed 11456K, reserved 1048576K
}
Event: 8869.207 GC heap after
{Heap after GC invocations=123 (full 5):
 garbage-first heap   total 106496K, used 38538K [0x00000000cac00000, 0x0000000100000000)
  region size 1024K, 5 young (5120K), 5 survivors (5120K)
 Metaspace       used 88327K, committed 89024K, reserved 1179648K
  class space    used 11116K, committed 11456K, reserved 1048576K
}
Event: 8978.232 GC heap before
{Heap before GC invocations=123 (full 5):
 garbage-first heap   total 106496K, used 61066K [0x00000000cac00000, 0x0000000100000000)
  region size 1024K, 29 young (29696K), 5 survivors (5120K)
 Metaspace       used 88570K, committed 89280K, reserved 1179648K
  class space    used 11137K, committed 11456K, reserved 1048576K
}
Event: 8980.739 GC heap after
{Heap after GC invocations=124 (full 6):
 garbage-first heap   total 106496K, used 30633K [0x00000000cac00000, 0x0000000100000000)
  region size 1024K, 0 young (0K), 0 survivors (0K)
 Metaspace       used 88558K, committed 89280K, reserved 1179648K
  class space    used 11135K, committed 11456K, reserved 1048576K
}

