# JRE version: Java(TM) SE Runtime Environment (17.0.12+8) (build 17.0.12+8-LTS-286)
# Java VM: Java HotSpot(TM) 64-Bit Server VM (17.0.12+8-LTS-286, mixed mode, sharing, tiered, compressed oops, compressed class ptrs, g1 gc, windows-amd64)
GC Precious Log:
 CPUs: 12 total, 12 available
 Memory: 3405M
 Large Page Support: Disabled
 NUMA Support: Disabled
 Compressed Oops: Enabled (32-bit)
 Heap Region Size: 1M
 Heap Min Capacity: 8M
 Heap Initial Capacity: 54M
 Heap Max Capacity: 852M
 Pre-touch: Disabled
 Parallel Workers: 10
 Concurrent Workers: 3
 Concurrent Refinement Workers: 10
 Periodic GC: Disabled
Heap:
 garbage-first heap   total 96256K, used 32851K [0x00000000cac00000, 0x0000000100000000)
  region size 1024K, 5 young (5120K), 4 survivors (4096K)
 Metaspace       used 83178K, committed 83776K, reserved 1179648K
  class space    used 10754K, committed 11072K, reserved 1048576K
GC Heap History (20 events):
Event: 5203.059 GC heap before
{Heap before GC invocations=63 (full 1):
 garbage-first heap   total 96256K, used 78679K [0x00000000cac00000, 0x0000000100000000)
  region size 1024K, 52 young (53248K), 0 survivors (0K)
 Metaspace       used 81418K, committed 82048K, reserved 1179648K
  class space    used 10674K, committed 11008K, reserved 1048576K
}
Event: 5203.109 GC heap after
{Heap after GC invocations=64 (full 1):
 garbage-first heap   total 96256K, used 31427K [0x00000000cac00000, 0x0000000100000000)
  region size 1024K, 5 young (5120K), 5 survivors (5120K)
 Metaspace       used 81418K, committed 82048K, reserved 1179648K
  class space    used 10674K, committed 11008K, reserved 1048576K
}
Event: 5207.008 GC heap before
{Heap before GC invocations=65 (full 1):
 garbage-first heap   total 96256K, used 77507K [0x00000000cac00000, 0x0000000100000000)
  region size 1024K, 50 young (51200K), 5 survivors (5120K)
 Metaspace       used 82123K, committed 82752K, reserved 1179648K
  class space    used 10718K, committed 11008K, reserved 1048576K
}
Event: 5207.067 GC heap after
{Heap after GC invocations=66 (full 1):
 garbage-first heap   total 96256K, used 34643K [0x00000000cac00000, 0x0000000100000000)
  region size 1024K, 4 young (4096K), 4 survivors (4096K)
 Metaspace       used 82123K, committed 82752K, reserved 1179648K
  class space    used 10718K, committed 11008K, reserved 1048576K
}
Event: 5207.239 GC heap before
{Heap before GC invocations=66 (full 1):
 garbage-first heap   total 96256K, used 75603K [0x00000000cac00000, 0x0000000100000000)
  region size 1024K, 44 young (45056K), 4 survivors (4096K)
 Metaspace       used 82310K, committed 83008K, reserved 1179648K
  class space    used 10732K, committed 11072K, reserved 1048576K
}
Event: 5207.245 GC heap after
{Heap after GC invocations=67 (full 1):
 garbage-first heap   total 96256K, used 35298K [0x00000000cac00000, 0x0000000100000000)
  region size 1024K, 4 young (4096K), 4 survivors (4096K)
 Metaspace       used 82310K, committed 83008K, reserved 1179648K
  class space    used 10732K, committed 11072K, reserved 1048576K
}
Event: 5207.684 GC heap before
{Heap before GC invocations=68 (full 1):
 garbage-first heap   total 96256K, used 77282K [0x00000000cac00000, 0x0000000100000000)
  region size 1024K, 45 young (46080K), 4 survivors (4096K)
 Metaspace       used 82663K, committed 83328K, reserved 1179648K
  class space    used 10751K, committed 11072K, reserved 1048576K
}
Event: 5207.716 GC heap after
{Heap after GC invocations=69 (full 1):
 garbage-first heap   total 96256K, used 37253K [0x00000000cac00000, 0x0000000100000000)
  region size 1024K, 3 young (3072K), 3 survivors (3072K)
 Metaspace       used 82663K, committed 83328K, reserved 1179648K
  class space    used 10751K, committed 11072K, reserved 1048576K
}
Event: 5285.599 GC heap before
{Heap before GC invocations=69 (full 1):
 garbage-first heap   total 96256K, used 77189K [0x00000000cac00000, 0x0000000100000000)
  region size 1024K, 42 young (43008K), 3 survivors (3072K)
 Metaspace       used 82892K, committed 83584K, reserved 1179648K
  class space    used 10765K, committed 11072K, reserved 1048576K
}
Event: 5285.769 GC heap after
{Heap after GC invocations=70 (full 1):
 garbage-first heap   total 96256K, used 39389K [0x00000000cac00000, 0x0000000100000000)
  region size 1024K, 5 young (5120K), 5 survivors (5120K)
 Metaspace       used 82892K, committed 83584K, reserved 1179648K
  class space    used 10765K, committed 11072K, reserved 1048576K
}
Event: 5572.430 GC heap before
{Heap before GC invocations=71 (full 1):
 garbage-first heap   total 96256K, used 77277K [0x00000000cac00000, 0x0000000100000000)
  region size 1024K, 42 young (43008K), 5 survivors (5120K)
 Metaspace       used 82824K, committed 83584K, reserved 1179648K
  class space    used 10732K, committed 11072K, reserved 1048576K
}
Event: 5572.534 GC heap after
{Heap after GC invocations=72 (full 1):
 garbage-first heap   total 96256K, used 39658K [0x00000000cac00000, 0x0000000100000000)
  region size 1024K, 3 young (3072K), 3 survivors (3072K)
 Metaspace       used 82824K, committed 83584K, reserved 1179648K
  class space    used 10732K, committed 11072K, reserved 1048576K
}
Event: 5582.358 GC heap before
{Heap before GC invocations=72 (full 1):
 garbage-first heap   total 96256K, used 40682K [0x00000000cac00000, 0x0000000100000000)
  region size 1024K, 4 young (4096K), 3 survivors (3072K)
 Metaspace       used 82824K, committed 83584K, reserved 1179648K
  class space    used 10732K, committed 11072K, reserved 1048576K
}
Event: 5582.464 GC heap after
{Heap after GC invocations=73 (full 1):
 garbage-first heap   total 96256K, used 38007K [0x00000000cac00000, 0x0000000100000000)
  region size 1024K, 1 young (1024K), 1 survivors (1024K)
 Metaspace       used 82824K, committed 83584K, reserved 1179648K
  class space    used 10732K, committed 11072K, reserved 1048576K
}
Event: 6012.930 GC heap before
{Heap before GC invocations=73 (full 1):
 garbage-first heap   total 96256K, used 78967K [0x00000000cac00000, 0x0000000100000000)
  region size 1024K, 41 young (41984K), 1 survivors (1024K)
 Metaspace       used 82824K, committed 83584K, reserved 1179648K
  class space    used 10732K, committed 11072K, reserved 1048576K
}
Event: 6013.031 GC heap after
{Heap after GC invocations=74 (full 1):
 garbage-first heap   total 96256K, used 37760K [0x00000000cac00000, 0x0000000100000000)
  region size 1024K, 1 young (1024K), 1 survivors (1024K)
 Metaspace       used 82824K, committed 83584K, reserved 1179648K
  class space    used 10732K, committed 11072K, reserved 1048576K
}
Event: 6181.391 GC heap before
{Heap before GC invocations=75 (full 1):
 garbage-first heap   total 96256K, used 54144K [0x00000000cac00000, 0x0000000100000000)
  region size 1024K, 18 young (18432K), 1 survivors (1024K)
 Metaspace       used 82765K, committed 83584K, reserved 1179648K
  class space    used 10719K, committed 11072K, reserved 1048576K
}
Event: 6182.990 GC heap after
{Heap after GC invocations=76 (full 2):
 garbage-first heap   total 96256K, used 28755K [0x00000000cac00000, 0x0000000100000000)
  region size 1024K, 0 young (0K), 0 survivors (0K)
 Metaspace       used 82765K, committed 83584K, reserved 1179648K
  class space    used 10719K, committed 11072K, reserved 1048576K
}
Event: 6187.952 GC heap before
{Heap before GC invocations=76 (full 2):
 garbage-first heap   total 96256K, used 76883K [0x00000000cac00000, 0x0000000100000000)
  region size 1024K, 48 young (49152K), 0 survivors (0K)
 Metaspace       used 83172K, committed 83776K, reserved 1179648K
  class space    used 10754K, committed 11072K, reserved 1048576K
}
Event: 6188.009 GC heap after
{Heap after GC invocations=77 (full 2):
 garbage-first heap   total 96256K, used 32851K [0x00000000cac00000, 0x0000000100000000)
  region size 1024K, 4 young (4096K), 4 survivors (4096K)
 Metaspace       used 83172K, committed 83776K, reserved 1179648K
  class space    used 10754K, committed 11072K, reserved 1048576K
}

